[    0.000000] Initializing cgroup subsys cpuset
[    0.000000] Initializing cgroup subsys cpu
[    0.000000] Initializing cgroup subsys cpuacct
[    0.000000] Linux version 4.4.0-186-generic (buildd@lcy01-amd64-002) (gcc version 5.4.0 20160609 (Ubuntu 5.4.0-6ubuntu1~16.04.12) ) #216-Ubuntu SMP Wed Jul 1 05:34:05 UTC 2020 (Ubuntu 4.4.0-186.216-generic 4.4.228)
[    0.000000] Command line: BOOT_IMAGE=/boot/vmlinuz-4.4.0-186-generic root=LABEL=cloudimg-rootfs ro console=tty1 console=ttyS0
[    0.000000] KERNEL supported cpus:
[    0.000000]   Intel GenuineIntel
[    0.000000]   AMD AuthenticAMD
[    0.000000]   Centaur CentaurHauls
[    0.000000] [Firmware Bug]: TSC doesn't count with P0 frequency!
[    0.000000] x86/fpu: xstate_offset[2]:  576, xstate_sizes[2]:  256
[    0.000000] x86/fpu: Supporting XSAVE feature 0x01: 'x87 floating point registers'
[    0.000000] x86/fpu: Supporting XSAVE feature 0x02: 'SSE registers'
[    0.000000] x86/fpu: Supporting XSAVE feature 0x04: 'AVX registers'
[    0.000000] x86/fpu: Enabled xstate features 0x7, context size is 832 bytes, using 'standard' format.
[    0.000000] e820: BIOS-provided physical RAM map:
[    0.000000] BIOS-e820: [mem 0x0000000000000000-0x000000000009fbff] usable
[    0.000000] BIOS-e820: [mem 0x000000000009fc00-0x000000000009ffff] reserved
[    0.000000] BIOS-e820: [mem 0x00000000000f0000-0x00000000000fffff] reserved
[    0.000000] BIOS-e820: [mem 0x0000000000100000-0x000000003ffeffff] usable
[    0.000000] BIOS-e820: [mem 0x000000003fff0000-0x000000003fffffff] ACPI data
[    0.000000] BIOS-e820: [mem 0x00000000fec00000-0x00000000fec00fff] reserved
[    0.000000] BIOS-e820: [mem 0x00000000fee00000-0x00000000fee00fff] reserved
[    0.000000] BIOS-e820: [mem 0x00000000fffc0000-0x00000000ffffffff] reserved
[    0.000000] NX (Execute Disable) protection: active
[    0.000000] SMBIOS 2.5 present.
[    0.000000] Hypervisor detected: KVM
[    0.000000] Kernel/User page tables isolation: disabled
[    0.000000] e820: last_pfn = 0x3fff0 max_arch_pfn = 0x400000000
[    0.000000] MTRR: Disabled
[    0.000000] x86/PAT: MTRRs disabled, skipping PAT initialization too.
[    0.000000] CPU MTRRs all blank - virtualized system.
[    0.000000] x86/PAT: Configuration [0-7]: WB  WT  UC- UC  WB  WT  UC- UC  
[    0.000000] found SMP MP-table at [mem 0x0009fff0-0x0009ffff] mapped at [ffff88000009fff0]
[    0.000000] Scanning 1 areas for low memory corruption
[    0.000000] RAMDISK: [mem 0x362e0000-0x37167fff]
[    0.000000] ACPI: Early table checksum verification disabled
[    0.000000] ACPI: RSDP 0x00000000000E0000 000024 (v02 VBOX  )
[    0.000000] ACPI: XSDT 0x000000003FFF0030 00003C (v01 VBOX   VBOXXSDT 00000001 ASL  00000061)
[    0.000000] ACPI: FACP 0x000000003FFF00F0 0000F4 (v04 VBOX   VBOXFACP 00000001 ASL  00000061)
[    0.000000] ACPI: DSDT 0x000000003FFF0470 002325 (v02 VBOX   VBOXBIOS 00000002 INTL 20100528)
[    0.000000] ACPI: FACS 0x000000003FFF0200 000040
[    0.000000] ACPI: FACS 0x000000003FFF0200 000040
[    0.000000] ACPI: APIC 0x000000003FFF0240 00005C (v02 VBOX   VBOXAPIC 00000001 ASL  00000061)
[    0.000000] ACPI: SSDT 0x000000003FFF02A0 0001CC (v01 VBOX   VBOXCPUT 00000002 INTL 20100528)
[    0.000000] No NUMA configuration found
[    0.000000] Faking a node at [mem 0x0000000000000000-0x000000003ffeffff]
[    0.000000] NODE_DATA(0) allocated [mem 0x3ffeb000-0x3ffeffff]
[    0.000000] kvm-clock: Using msrs 4b564d01 and 4b564d00
[    0.000000] kvm-clock: cpu 0, msr 0:3ffe3001, primary cpu clock
[    0.000000] kvm-clock: using sched offset of 4628944206 cycles
[    0.000000] clocksource: kvm-clock: mask: 0xffffffffffffffff max_cycles: 0x1cd42e4dffb, max_idle_ns: 881590591483 ns
[    0.000000] Zone ranges:
[    0.000000]   DMA      [mem 0x0000000000001000-0x0000000000ffffff]
[    0.000000]   DMA32    [mem 0x0000000001000000-0x000000003ffeffff]
[    0.000000]   Normal   empty
[    0.000000]   Device   empty
[    0.000000] Movable zone start for each node
[    0.000000] Early memory node ranges
[    0.000000]   node   0: [mem 0x0000000000001000-0x000000000009efff]
[    0.000000]   node   0: [mem 0x0000000000100000-0x000000003ffeffff]
[    0.000000] Initmem setup node 0 [mem 0x0000000000001000-0x000000003ffeffff]
[    0.000000] ACPI: PM-Timer IO Port: 0x4008
[    0.000000] IOAPIC[0]: apic_id 2, version 32, address 0xfec00000, GSI 0-23
[    0.000000] ACPI: INT_SRC_OVR (bus 0 bus_irq 0 global_irq 2 dfl dfl)
[    0.000000] ACPI: INT_SRC_OVR (bus 0 bus_irq 9 global_irq 9 low level)
[    0.000000] Using ACPI (MADT) for SMP configuration information
[    0.000000] smpboot: Allowing 2 CPUs, 0 hotplug CPUs
[    0.000000] PM: Registered nosave memory: [mem 0x00000000-0x00000fff]
[    0.000000] PM: Registered nosave memory: [mem 0x0009f000-0x0009ffff]
[    0.000000] PM: Registered nosave memory: [mem 0x000a0000-0x000effff]
[    0.000000] PM: Registered nosave memory: [mem 0x000f0000-0x000fffff]
[    0.000000] e820: [mem 0x40000000-0xfebfffff] available for PCI devices
[    0.000000] Booting paravirtualized kernel on KVM
[    0.000000] clocksource: refined-jiffies: mask: 0xffffffff max_cycles: 0xffffffff, max_idle_ns: 7645519600211568 ns
[    0.000000] setup_percpu: NR_CPUS:512 nr_cpumask_bits:512 nr_cpu_ids:2 nr_node_ids:1
[    0.000000] PERCPU: Embedded 33 pages/cpu @ffff88003fc00000 s95512 r8192 d31464 u1048576
[    0.000000] Built 1 zonelists in Node order, mobility grouping on.  Total pages: 257912
[    0.000000] Policy zone: DMA32
[    0.000000] Kernel command line: BOOT_IMAGE=/boot/vmlinuz-4.4.0-186-generic root=LABEL=cloudimg-rootfs ro console=tty1 console=ttyS0
[    0.000000] PID hash table entries: 4096 (order: 3, 32768 bytes)
[    0.000000] Memory: 997664K/1048120K available (8636K kernel code, 1337K rwdata, 4040K rodata, 1492K init, 1296K bss, 50456K reserved, 0K cma-reserved)
[    0.000000] SLUB: HWalign=64, Order=0-3, MinObjects=0, CPUs=2, Nodes=1
[    0.000000] Hierarchical RCU implementation.
[    0.000000] 	Build-time adjustment of leaf fanout to 64.
[    0.000000] 	RCU restricting CPUs from NR_CPUS=512 to nr_cpu_ids=2.
[    0.000000] RCU: Adjusting geometry for rcu_fanout_leaf=64, nr_cpu_ids=2
[    0.000000] NR_IRQS:33024 nr_irqs:440 16
[    0.000000] Console: colour VGA+ 80x25
[    0.000000] console [tty1] enabled
[    0.000000] console [ttyS0] enabled
[    0.000000] tsc: Detected 3599.988 MHz processor
[    0.134997] Calibrating delay loop (skipped) preset value.. 7199.97 BogoMIPS (lpj=14399952)
[    0.136258] pid_max: default: 32768 minimum: 301
[    0.136931] ACPI: Core revision 20150930
[    0.138267] ACPI: 2 ACPI AML tables successfully acquired and loaded
[    0.139210] Security Framework initialized
[    0.139818] Yama: becoming mindful.
[    0.140373] AppArmor: AppArmor initialized
[    0.141033] Dentry cache hash table entries: 131072 (order: 8, 1048576 bytes)
[    0.142062] Inode-cache hash table entries: 65536 (order: 7, 524288 bytes)
[    0.153682] Mount-cache hash table entries: 2048 (order: 2, 16384 bytes)
[    0.154612] Mountpoint-cache hash table entries: 2048 (order: 2, 16384 bytes)
[    0.155665] Initializing cgroup subsys io
[    0.156307] Initializing cgroup subsys memory
[    0.156946] Initializing cgroup subsys devices
[    0.157586] Initializing cgroup subsys freezer
[    0.158230] Initializing cgroup subsys net_cls
[    0.158875] Initializing cgroup subsys perf_event
[    0.159545] Initializing cgroup subsys net_prio
[    0.160187] Initializing cgroup subsys hugetlb
[    0.160832] Initializing cgroup subsys pids
[    0.167065] mce: CPU supports 0 MCE banks
[    0.167697] Last level iTLB entries: 4KB 1024, 2MB 1024, 4MB 512
[    0.168508] Last level dTLB entries: 4KB 1536, 2MB 1536, 4MB 768, 1GB 0
[    0.169380] Spectre V1 : Mitigation: usercopy/swapgs barriers and __user pointer sanitization
[    0.170677] Spectre V2 : Spectre mitigation: LFENCE not serializing, switching to generic retpoline
[    0.171994] Spectre V2 : Mitigation: Full generic retpoline
[    0.172784] Spectre V2 : Spectre v2 / SpectreRSB mitigation: Filling RSB on context switch
[    0.174065] Speculative Store Bypass: Mitigation: Speculative Store Bypass disabled via prctl and seccomp
[    0.177469] Freeing SMP alternatives memory: 36K
[    0.183166] ftrace: allocating 32334 entries in 127 pages
[    0.235398] smpboot: APIC(0) Converting physical 0 to logical package 0
[    0.236413] smpboot: Max logical packages: 1
[    0.237269] x2apic enabled
[    0.237944] Switched APIC routing to physical x2apic.
[    0.239585] ..TIMER: vector=0x30 apic1=0 pin1=2 apic2=-1 pin2=-1
[    0.348567] smpboot: CPU0: AMD Ryzen 5 2600X Six-Core Processor (family: 0x17, model: 0x8, stepping: 0x2)
[    0.350172] Performance Events: Broken PMU hardware detected, using software events only.
[    0.351475] Failed to access perfctr msr (MSR c0010007 is 0)
[    0.357771] KVM setup paravirtual spinlock
[    0.359110] x86: Booting SMP configuration:
[    0.359785] .... node  #0, CPUs:      #1
[    0.360510] kvm-clock: cpu 1, msr 0:3ffe3041, secondary cpu clock
[    0.366730] mce: CPU supports 0 MCE banks
[    0.369191] x86: Booted up 1 node, 2 CPUs
[    0.369991] smpboot: Total of 2 processors activated (14399.95 BogoMIPS)
[    0.371221] devtmpfs: initialized
[    0.373122] evm: security.selinux
[    0.373682] evm: security.SMACK64
[    0.374234] evm: security.SMACK64EXEC
[    0.374846] evm: security.SMACK64TRANSMUTE
[    0.375477] evm: security.SMACK64MMAP
[    0.376056] evm: security.ima
[    0.376562] evm: security.capability
[    0.388581] clocksource: jiffies: mask: 0xffffffff max_cycles: 0xffffffff, max_idle_ns: 7645041785100000 ns
[    0.390029] futex hash table entries: 512 (order: 3, 32768 bytes)
[    0.390980] pinctrl core: initialized pinctrl subsystem
[    0.391885] RTC time: 17:14:47, date: 08/04/20
[    0.392789] NET: Registered protocol family 16
[    0.403114] cpuidle: using governor ladder
[    0.410554] cpuidle: using governor menu
[    0.411174] PCCT header not found.
[    0.411993] ACPI: bus type PCI registered
[    0.412614] acpiphp: ACPI Hot Plug PCI Controller Driver version: 0.5
[    0.413665] PCI: Using configuration type 1 for base access
[    0.414508] PCI: Using configuration type 1 for extended access
[    0.421832] ACPI: Added _OSI(Module Device)
[    0.422505] ACPI: Added _OSI(Processor Device)
[    0.423173] ACPI: Added _OSI(3.0 _SCP Extensions)
[    0.423864] ACPI: Added _OSI(Processor Aggregator Device)
[    0.425063] ACPI: Executed 1 blocks of module-level executable AML code
[    0.427441] ACPI: Interpreter enabled
[    0.428118] ACPI: (supports S0 S5)
[    0.428689] ACPI: Using IOAPIC for interrupt routing
[    0.429537] PCI: Using host bridge windows from ACPI; if necessary, use "pci=nocrs" and report a bug
[    0.433522] ACPI: PCI Root Bridge [PCI0] (domain 0000 [bus 00-ff])
[    0.434403] acpi PNP0A03:00: _OSC: OS supports [ExtendedConfig ASPM ClockPM Segments MSI]
[    0.436089] acpi PNP0A03:00: _OSC: platform does not support [PCIeCapability]
[    0.437275] acpi PNP0A03:00: _OSC: not requesting control; platform does not support [PCIeCapability]
[    0.438572] acpi PNP0A03:00: _OSC: OS requested [PCIeHotplug PME AER PCIeCapability]
[    0.439736] acpi PNP0A03:00: _OSC: platform willing to grant [PCIeHotplug PME AER]
[    0.440894] acpi PNP0A03:00: _OSC failed (AE_SUPPORT); disabling ASPM
[    0.442012] PCI host bridge to bus 0000:00
[    0.442646] pci_bus 0000:00: root bus resource [io  0x0000-0x0cf7 window]
[    0.450429] pci_bus 0000:00: root bus resource [io  0x0d00-0xffff window]
[    0.451358] pci_bus 0000:00: root bus resource [mem 0x000a0000-0x000bffff window]
[    0.452500] pci_bus 0000:00: root bus resource [mem 0x40000000-0xfdffffff window]
[    0.453645] pci_bus 0000:00: root bus resource [bus 00-ff]
[    0.455953] pci 0000:00:01.1: legacy IDE quirk: reg 0x10: [io  0x01f0-0x01f7]
[    0.456912] pci 0000:00:01.1: legacy IDE quirk: reg 0x14: [io  0x03f6]
[    0.457781] pci 0000:00:01.1: legacy IDE quirk: reg 0x18: [io  0x0170-0x0177]
[    0.458742] pci 0000:00:01.1: legacy IDE quirk: reg 0x1c: [io  0x0376]
[    0.467412] pci 0000:00:07.0: quirk: [io  0x4000-0x403f] claimed by PIIX4 ACPI
[    0.468554] pci 0000:00:07.0: quirk: [io  0x4100-0x410f] claimed by PIIX4 SMB
[    0.473887] ACPI: PCI Interrupt Link [LNKA] (IRQs 5 9 10 *11)
[    0.475195] ACPI: PCI Interrupt Link [LNKB] (IRQs 5 9 *10 11)
[    0.476406] ACPI: PCI Interrupt Link [LNKC] (IRQs 5 *9 10 11)
[    0.477594] ACPI: PCI Interrupt Link [LNKD] (IRQs 5 9 10 *11)
[    0.478778] ACPI: Enabled 2 GPEs in block 00 to 07
[    0.479752] vgaarb: setting as boot device: PCI:0000:00:02.0
[    0.480575] vgaarb: device added: PCI:0000:00:02.0,decodes=io+mem,owns=io+mem,locks=none
[    0.481783] vgaarb: loaded
[    0.482272] vgaarb: bridge control possible 0000:00:02.0
[    0.483169] SCSI subsystem initialized
[    0.483838] ACPI: bus type USB registered
[    0.484471] usbcore: registered new interface driver usbfs
[    0.485276] usbcore: registered new interface driver hub
[    0.486048] usbcore: registered new device driver usb
[    0.486960] PCI: Using ACPI for IRQ routing
[    0.487864] NetLabel: Initializing
[    0.488423] NetLabel:  domain hash size = 128
[    0.489086] NetLabel:  protocols = UNLABELED CIPSOv4
[    0.489791] NetLabel:  unlabeled traffic allowed by default
[    0.490693] amd_nb: Cannot enumerate AMD northbridges
[    0.491485] clocksource: Switched to clocksource kvm-clock
[    0.522599] AppArmor: AppArmor Filesystem Enabled
[    0.523373] pnp: PnP ACPI init
[    0.524492] pnp: PnP ACPI: found 3 devices
[    0.532902] clocksource: acpi_pm: mask: 0xffffff max_cycles: 0xffffff, max_idle_ns: 2085701024 ns
[    0.534366] NET: Registered protocol family 2
[    0.535180] TCP established hash table entries: 8192 (order: 4, 65536 bytes)
[    0.536198] TCP bind hash table entries: 8192 (order: 5, 131072 bytes)
[    0.537159] TCP: Hash tables configured (established 8192 bind 8192)
[    0.550479] UDP hash table entries: 512 (order: 2, 16384 bytes)
[    0.551328] UDP-Lite hash table entries: 512 (order: 2, 16384 bytes)
[    0.552222] NET: Registered protocol family 1
[    0.552875] pci 0000:00:00.0: Limiting direct PCI/PCI transfers
[    0.553699] pci 0000:00:01.0: Activating ISA DMA hang workarounds
[    0.554622] Unpacking initramfs...
[    0.918735] Freeing initrd memory: 14880K
[    0.919489] clocksource: tsc: mask: 0xffffffffffffffff max_cycles: 0x33e44876f06, max_idle_ns: 440795361059 ns
[    0.920915] platform rtc_cmos: registered platform RTC device (no PNP device found)
[    0.922107] Scanning for low memory corruption every 60 seconds
[    0.923464] audit: initializing netlink subsys (disabled)
[    0.924221] audit: type=2000 audit(1596561293.654:1): initialized
[    0.925280] Initialise system trusted keyring
[    0.926164] HugeTLB registered 2 MB page size, pre-allocated 0 pages
[    0.927936] zbud: loaded
[    0.928890] VFS: Disk quotas dquot_6.6.0
[    0.929571] VFS: Dquot-cache hash table entries: 512 (order 0, 4096 bytes)
[    0.930659] squashfs: version 4.0 (2009/01/31) Phillip Lougher
[    0.940591] fuse init (API version 7.23)
[    0.941382] Key type big_key registered
[    0.942009] Allocating IMA MOK and blacklist keyrings.
[    0.943751] Key type asymmetric registered
[    0.944421] Asymmetric key parser 'x509' registered
[    0.945182] Block layer SCSI generic (bsg) driver version 0.4 loaded (major 249)
[    0.946358] io scheduler noop registered
[    0.946977] io scheduler deadline registered (default)
[    0.947733] io scheduler cfq registered
[    0.948414] pci_hotplug: PCI Hot Plug PCI Core version: 0.5
[    0.949193] pciehp: PCI Express Hot Plug Controller Driver version: 0.4
[    0.950307] ACPI: AC Adapter [AC] (on-line)
[    0.950997] input: Power Button as /devices/LNXSYSTM:00/LNXPWRBN:00/input/input0
[    0.952164] ACPI: Power Button [PWRF]
[    0.952806] input: Sleep Button as /devices/LNXSYSTM:00/LNXSLPBN:00/input/input1
[    0.953936] ACPI: Sleep Button [SLPF]
[    0.954645] GHES: HEST is not enabled!
[    0.955329] Serial: 8250/16550 driver, 32 ports, IRQ sharing enabled
[    0.976655] 00:02: ttyS0 at I/O 0x3f8 (irq = 4, base_baud = 115200) is a 16550A
[    0.979447] Linux agpgart interface v0.103
[    0.981452] loop: module loaded
[    0.982410] scsi host0: ata_piix
[    0.983150] scsi host1: ata_piix
[    0.983768] ata1: PATA max UDMA/33 cmd 0x1f0 ctl 0x3f6 bmdma 0xd000 irq 14
[    0.984750] ata2: PATA max UDMA/33 cmd 0x170 ctl 0x376 bmdma 0xd008 irq 15
[    0.985785] libphy: Fixed MDIO Bus: probed
[    0.986460] tun: Universal TUN/TAP device driver, 1.6
[    0.987206] tun: (C) 1999-2004 Max Krasnyansky <maxk@qualcomm.com>
[    0.988185] PPP generic driver version 2.4.2
[    0.988920] ehci_hcd: USB 2.0 'Enhanced' Host Controller (EHCI) Driver
[    0.989825] ehci-pci: EHCI PCI platform driver
[    0.990534] ehci-platform: EHCI generic platform driver
[    0.991348] ohci_hcd: USB 1.1 'Open' Host Controller (OHCI) Driver
[    0.992238] ohci-pci: OHCI PCI platform driver
[    0.992930] ohci-platform: OHCI generic platform driver
[    0.993693] uhci_hcd: USB Universal Host Controller Interface driver
[    0.994622] i8042: PNP: PS/2 Controller [PNP0303:PS2K,PNP0f03:PS2M] at 0x60,0x64 irq 1,12
[    0.996262] serio: i8042 KBD port at 0x60,0x64 irq 1
[    0.997010] serio: i8042 AUX port at 0x60,0x64 irq 12
[    0.997881] mousedev: PS/2 mouse device common for all mice
[    0.998951] input: AT Translated Set 2 keyboard as /devices/platform/i8042/serio0/input/input2
[    1.000563] rtc_cmos rtc_cmos: rtc core: registered rtc_cmos as rtc0
[    1.001461] rtc_cmos rtc_cmos: alarms up to one day, 114 bytes nvram
[    1.002320] i2c /dev entries driver
[    1.002911] device-mapper: uevent: version 1.0.3
[    1.003731] device-mapper: ioctl: 4.34.0-ioctl (2015-10-28) initialised: dm-devel@redhat.com
[    1.004980] ledtrig-cpu: registered to indicate activity on CPUs
[    1.006168] NET: Registered protocol family 10
[    1.007004] NET: Registered protocol family 17
[    1.007686] Key type dns_resolver registered
[    1.008621] registered taskstats version 1
[    1.009255] Loading compiled-in X.509 certificates
[    1.010384] Loaded X.509 cert 'Build time autogenerated kernel key: cef5e81496c0efa51b848ab539e845ddf31c08be'
[    1.011822] zswap: loaded using pool lzo/zbud
[    1.013704] Key type trusted registered
[    1.016416] Key type encrypted registered
[    1.017060] AppArmor: AppArmor sha1 policy hashing enabled
[    1.017827] ima: No TPM chip found, activating TPM-bypass!
[    1.018612] ima: Allocated hash algorithm: sha1
[    1.019314] evm: HMAC attrs: 0x1
[    1.020161]   Magic number: 0:284:238
[    1.020835] rtc_cmos rtc_cmos: setting system clock to 2020-08-04 17:14:47 UTC (1596561287)
[    1.022192] BIOS EDD facility v0.16 2004-Jun-25, 0 devices found
[    1.023041] EDD information not available.
[    1.238429] Freeing unused kernel memory: 1492K
[    1.239135] Write protecting the kernel read-only data: 14336k
[    1.240258] Freeing unused kernel memory: 1592K
[    1.241037] Freeing unused kernel memory: 56K
Loading, please wait...
starting version 229
[    1.249312] random: systemd-udevd: uninitialized urandom read (16 bytes read, 3 bits of entropy available)
[    1.249637] random: udevadm: uninitialized urandom read (16 bytes read, 3 bits of entropy available)
[    1.249652] random: udevadm: uninitialized urandom read (16 bytes read, 3 bits of entropy available)
[    1.253375] random: systemd-udevd: uninitialized urandom read (16 bytes read, 3 bits of entropy available)
[    1.254747] random: systemd-udevd: uninitialized urandom read (16 bytes read, 3 bits of entropy available)
[    1.255498] random: udevadm: uninitialized urandom read (16 bytes read, 3 bits of entropy available)
[    1.255530] random: udevadm: uninitialized urandom read (16 bytes read, 3 bits of entropy available)
[    1.255622] random: udevadm: uninitialized urandom read (16 bytes read, 3 bits of entropy available)
[    1.255658] random: udevadm: uninitialized urandom read (16 bytes read, 3 bits of entropy available)
[    1.255695] random: udevadm: uninitialized urandom read (16 bytes read, 3 bits of entropy available)
[    1.286347] e1000: Intel(R) PRO/1000 Network Driver - version 7.3.21-k8-NAPI
[    1.287414] e1000: Copyright (c) 1999-2006 Intel Corporation.
[    1.294214] Fusion MPT base driver 3.04.20
[    1.295087] Copyright (c) 1999-2008 LSI Corporation
[    1.305501] AVX2 version of gcm_enc/dec engaged.
[    1.306229] AES CTR mode by8 optimization enabled
[    1.307093] Fusion MPT SPI Host driver 3.04.20
[    1.501859] input: ImExPS/2 Generic Explorer Mouse as /devices/platform/i8042/serio1/input/input4
[    1.627283] e1000 0000:00:03.0 eth0: (PCI:33MHz:32-bit) 02:e5:f9:b1:f5:c2
[    1.628292] e1000 0000:00:03.0 eth0: Intel(R) PRO/1000 Network Connection
[    2.288896] e1000 0000:00:08.0 eth1: (PCI:33MHz:32-bit) 08:00:27:37:fb:57
[    2.290324] e1000 0000:00:08.0 eth1: Intel(R) PRO/1000 Network Connection
[    2.292930] e1000 0000:00:03.0 enp0s3: renamed from eth0
[    2.294838] mptbase: ioc0: Initiating bringup
[    2.304491] e1000 0000:00:08.0 enp0s8: renamed from eth1
[    2.363978] ioc0: LSI53C1030 A0: Capabilities={Initiator}
[    2.524902] scsi host2: ioc0: LSI53C1030 A0, FwRev=00000000h, Ports=1, MaxQ=256, IRQ=20
[    2.647826] scsi 2:0:0:0: Direct-Access     VBOX     HARDDISK         1.0  PQ: 0 ANSI: 5
[    2.649083] scsi target2:0:0: Beginning Domain Validation
[    2.650404] scsi target2:0:0: Domain Validation skipping write tests
[    2.651264] scsi target2:0:0: Ending Domain Validation
[    2.652062] scsi target2:0:0: asynchronous
[    2.652913] scsi 2:0:1:0: Direct-Access     VBOX     HARDDISK         1.0  PQ: 0 ANSI: 5
[    2.654117] scsi target2:0:1: Beginning Domain Validation
[    2.655558] scsi target2:0:1: Domain Validation skipping write tests
[    2.656435] scsi target2:0:1: Ending Domain Validation
[    2.657241] scsi target2:0:1: asynchronous
[    2.661633] sd 2:0:0:0: [sda] 20971520 512-byte logical blocks: (10.7 GB/10.0 GiB)
[    2.662793] sd 2:0:0:0: Attached scsi generic sg0 type 0
[    2.663673] sd 2:0:0:0: [sda] Write Protect is off
[    2.664437] sd 2:0:1:0: Attached scsi generic sg1 type 0
[    2.665228] sd 2:0:1:0: [sdb] 20480 512-byte logical blocks: (10.5 MB/10.0 MiB)
[    2.666598] sd 2:0:0:0: [sda] Incomplete mode parameter data
[    2.666691] sd 2:0:1:0: [sdb] Write Protect is off
[    2.666741] sd 2:0:1:0: [sdb] Incomplete mode parameter data
[    2.666742] sd 2:0:1:0: [sdb] Assuming drive cache: write through
[    2.669783] sd 2:0:0:0: [sda] Assuming drive cache: write through
[    2.671850]  sda: sda1
[    2.672821] sd 2:0:0:0: [sda] Attached SCSI disk
[    2.673713] sd 2:0:1:0: [sdb] Attached SCSI disk
Begin: Loading essential drivers ... [    4.001218] md: linear personality registered for level -1
[    4.003528] md: multipath personality registered for level -4
[    4.005821] md: raid0 personality registered for level 0
[    4.008691] md: raid1 personality registered for level 1
[    4.080157] raid6: sse2x1   gen()  8616 MB/s
[    4.148479] raid6: sse2x1   xor()  8163 MB/s
[    4.216842] raid6: sse2x2   gen() 17054 MB/s
[    4.284173] raid6: sse2x2   xor() 11179 MB/s
[    4.351563] raid6: sse2x4   gen() 17166 MB/s
[    4.420467] raid6: sse2x4   xor()  9515 MB/s
[    4.487843] raid6: avx2x1   gen() 18972 MB/s
[    4.555766] raid6: avx2x2   gen() 24969 MB/s
[    4.623776] raid6: avx2x4   gen() 25647 MB/s
[    4.624541] raid6: using algorithm avx2x4 gen() 25647 MB/s
[    4.625437] raid6: using avx2x2 recovery algorithm
[    4.627094] xor: automatically using best checksumming function:
[    4.668268]    avx       : 15379.000 MB/sec
[    4.669808] async_tx: api initialized (async)
[    4.676298] md: raid6 personality registered for level 6
[    4.677176] md: raid5 personality registered for level 5
[    4.677971] md: raid4 personality registered for level 4
[    4.682773] md: raid10 personality registered for level 10
done.
Begin: Running /scripts/init-premount ... done.
Begin: Mounting root file system ... Begin: Running /scripts/local-top ... done.
Begin: Running /scripts/local-premount ... [    4.705284] Btrfs loaded
Scanning for Btrfs filesystems
done.
Warning: fsck not present, so skipping root file system
[    4.744493] EXT4-fs (sda1): mounted filesystem with ordered data mode. Opts: (null)
done.
Begin: Running /scripts/local-bottom ... done.
Begin: Running /scripts/init-bottom ... done.
[    5.403966] systemd[1]: systemd 229 running in system mode. (+PAM +AUDIT +SELINUX +IMA +APPARMOR +SMACK +SYSVINIT +UTMP +LIBCRYPTSETUP +GCRYPT +GNUTLS +ACL +XZ -LZ4 +SECCOMP +BLKID +ELFUTILS +KMOD -IDN)
[    5.406369] systemd[1]: Detected virtualization oracle.
[    5.407155] systemd[1]: Detected architecture x86-64.

Welcome to [1mUbuntu 16.04.6 LTS[0m!

[    5.437541] systemd[1]: Set hostname to <ubuntu>.
[    5.455249] systemd[1]: Initializing machine ID from random generator.
[    5.456220] systemd[1]: Installed transient /etc/machine-id file.
[    5.827184] random: nonblocking pool is initialized
[    6.186201] systemd[1]: Reached target System Time Synchronized.
[[0;32m  OK  [0m] Reached target System Time Synchronized.
[    6.187673] systemd[1]: Reached target User and Group Name Lookups.
[[0;32m  OK  [0m] Reached target User and Group Name Lookups.
[    6.195891] systemd[1]: Set up automount Arbitrary Executable File Formats File System Automount Point.
[[0;32m  OK  [0m] Set up automount Arbitrary Executab...ats File System Automount Point.
[    6.198188] systemd[1]: Listening on Syslog Socket.
[[0;32m  OK  [0m] Listening on Syslog Socket.
[    6.204535] systemd[1]: Started Forward Password Requests to Wall Directory Watch.
[[0;32m  OK  [0m] Started Forward Password Requests to Wall Directory Watch.
[    6.206396] systemd[1]: Reached target Encrypted Volumes.
[[0;32m  OK  [0m] Reached target Encrypted Volumes.
[    6.216219] systemd[1]: Listening on LVM2 poll daemon socket.
[[0;32m  OK  [0m] Listening on LVM2 poll daemon socket.
[    6.217661] systemd[1]: Started Trigger resolvconf update for networkd DNS.
[[0;32m  OK  [0m] Started Trigger resolvconf update for networkd DNS.
[    6.219445] systemd[1]: Listening on Device-mapper event daemon FIFOs.
[[0;32m  OK  [0m] Listening on Device-mapper event daemon FIFOs.
[    6.228013] systemd[1]: Listening on /dev/initctl Compatibility Named Pipe.
[[0;32m  OK  [0m] Listening on /dev/initctl Compatibility Named Pipe.
[    6.230083] systemd[1]: Created slice System Slice.
[[0;32m  OK  [0m] Created slice System Slice.
[    6.231553] systemd[1]: Created slice system-serial\x2dgetty.slice.
[[0;32m  OK  [0m] Created slice system-serial\x2dgetty.slice.
[    6.240678] systemd[1]: Listening on udev Control Socket.
[[0;32m  OK  [0m] Listening on udev Control Socket.
[    6.242215] systemd[1]: Listening on LVM2 metadata daemon socket.
[[0;32m  OK  [0m] Listening on LVM2 metadata daemon socket.
[    6.243844] systemd[1]: Listening on Journal Socket (/dev/log).
[[0;32m  OK  [0m] Listening on Journal Socket (/dev/log).
[    6.245433] systemd[1]: Listening on udev Kernel Socket.
[[0;32m  OK  [0m] Listening on udev Kernel Socket.
[    6.246910] systemd[1]: Created slice User and Session Slice.
[[0;32m  OK  [0m] Created slice User and Session Slice.
[    6.248323] systemd[1]: Reached target Slices.
[[0;32m  OK  [0m] Reached target Slices.
[    6.249570] systemd[1]: Listening on Journal Audit Socket.
[[0;32m  OK  [0m] Listening on Journal Audit Socket.
[    6.250945] systemd[1]: Reached target Swap.
[[0;32m  OK  [0m] Reached target Swap.
[    6.252263] systemd[1]: Listening on Journal Socket.
[[0;32m  OK  [0m] Listening on Journal Socket.
[    6.288470] systemd[1]: Starting Monitoring of LVM2 mirrors, snapshots etc. using dmeventd or progress polling...
         Starting Monitoring of LVM2 mirrors... dmeventd or progress polling...
[    6.291358] systemd[1]: Starting Journal Service...
         Starting Journal Service...
[    6.293281] systemd[1]: Starting Uncomplicated firewall...
         Starting Uncomplicated firewall...
[    6.295341] systemd[1]: Starting Remount Root and Kernel File Systems...
         Starting Remount Root and Kernel File Systems...
[    6.298237] systemd[1]: Mounting POSIX Message Queue File System...
         Mounting POSIX Message Queue File System...
[    6.300241] systemd[1]: Mounting Huge Pages File System...
         Mounting Huge Pages File System...
[    6.321817] systemd[1]: Starting Load Kernel Modules...
         Starting Load Kernel Modules...
[    6.323446] systemd[1]: Starting Set console keymap...
         Starting Set console keymap...
[    6.325054] systemd[1]: Mounting Debug File System...
         Mounting Debug File System...
[    6.326572] systemd[1]: Starting Create list of required static device nodes for the current kernel...
         Starting Create list of required st... nodes for the current kernel...
[    6.329054] systemd[1]: Starting Nameserver information manager...
         Starting Nameserver information manager...
[    6.330921] EXT4-fs (sda1): re-mounted. Opts: (null)
[    6.331652] systemd[1]: Mounted POSIX Message Queue File System.
[[0;32m  OK  [0m] Mounted POSIX Message Queue File System.
[    6.333506] systemd[1]: Mounted Debug File System.
[[0;32m  OK  [0m] Mounted Debug File System.
[    6.334873] systemd[1]: Mounted Huge Pages File System.
[[0;32m  OK  [0m] Mounted Huge Pages File System.
[    6.336921] systemd[1]: Started Uncomplicated firewall.
[[0;32m  OK  [0m] Started Uncomplicated firewall.
[    6.338703] systemd[1]: Started Remount Root and Kernel File Systems.
[[0;32m  OK  [0m] Started Remount Root and Kernel File Systems.
[    6.395826] systemd[1]: Starting udev Coldplug all Devices...
         Starting udev Coldplug all Devices...
[    6.410516] systemd[1]: Starting Load/Save Random Seed...
         Starting Load/Save Random Seed...
[    6.412075] systemd[1]: Started Nameserver information manager.
[[0;32m  OK  [0m] Started Nameserver information manager.
[    6.421670] systemd[1]: Started Create list of required static device nodes for the current kernel.
[[0;32m  OK  [0m] Started Create list of required sta...ce nodes for the current kernel.
[    6.428765] systemd[1]: Starting Create Static Device Nodes in /dev...
         Starting Create Static Device Nodes in /dev...
[    6.446232] Loading iSCSI transport class v2.0-870.
[    6.467312] systemd[1]: Started udev Coldplug all Devices.
[[0;32m  OK  [0m] Started udev Coldplug all Devices.
[    6.491465] systemd[1]: Started Load/Save Random Seed.
[[0;32m  OK  [0m] Started Load/Save Random Seed.
[    6.550340] systemd[1]: Started Journal Service.
[[0;32m  OK  [0m] Started Journal Service.
[    6.552719] iscsi: registered transport (tcp)
         Starting Flush Journal to Persistent Storage...
[[0;32m  OK  [0m] Started Set console keymap.
[[0;32m  OK  [0m] Started LVM2 metadata daemon.
[    6.650198] systemd-journald[369]: Received request to flush runtime journal from PID 1
[[0;32m  OK  [0m] Started Flush Journal to Persistent Storage.
[    6.746505] iscsi: registered transport (iser)
[[0;32m  OK  [0m] Started Load Kernel Modules.
         Starting Apply Kernel Variables...
         Mounting FUSE Control File System...
[[0;32m  OK  [0m] Mounted FUSE Control File System.
[[0;32m  OK  [0m] Started Monitoring of LVM2 mirrors,...ng dmeventd or progress polling.
[[0;32m  OK  [0m] Started Create Static Device Nodes in /dev.
         Starting udev Kernel Device Manager...
[[0;32m  OK  [0m] Reached target Local File Systems (Pre).
[[0;32m  OK  [0m] Reached target Local File Systems.
         Starting Commit a transient machine-id on disk...
         Starting Set console font and keymap...
         Starting Initial cloud-init job (pre-networking)...
         Starting Tell Plymouth To Write Out Runtime Data...
         Starting LSB: AppArmor initialization...
         Starting Create Volatile Files and Directories...
[[0;32m  OK  [0m] Started Apply Kernel Variables.
[[0;32m  OK  [0m] Started Create Volatile Files and Directories.
[[0;32m  OK  [0m] Started Commit a transient machine-id on disk.
         Starting Update UTMP about System Boot/Shutdown...
[[0;32m  OK  [0m] Started Tell Plymouth To Write Out Runtime Data.
[[0;32m  OK  [0m] Started Update UTMP about System Boot/Shutdown.
[[0;32m  OK  [0m] Started udev Kernel Device Manager.
[[0;32m  OK  [0m] Started Dispatch Password Requests to Console Directory Watch.
[[0;32m  OK  [0m] Started Set console font and keymap.
[[0;32m  OK  [0m] Created slice system-getty.slice.
[[0;32m  OK  [0m] Found device /dev/ttyS0.
[[0;32m  OK  [0m] Listening on Load/Save RF Kill Switch Status /dev/rfkill Watch.
[[0;32m  OK  [0m] Started LSB: AppArmor initialization.
         Starting Load AppArmor profiles managed internally by snapd...
[[0;32m  OK  [0m] Started Load AppArmor profiles managed internally by snapd.
[   10.271834] cloud-init[469]: Cloud-init v. 20.2-45-g5f7825e2-0ubuntu1~16.04.1 running 'init-local' at Tue, 04 Aug 2020 17:14:56 +0000. Up 9.96 seconds.
[[0;32m  OK  [0m] Started Initial cloud-init job (pre-networking).
[[0;32m  OK  [0m] Reached target Network (Pre).
         Starting Raise network interfaces...
[[0;32m  OK  [0m] Started Raise network interfaces.
[[0;32m  OK  [0m] Reached target Network.
         Starting Initial cloud-init job (metadata service crawler)...
[   11.886944] cloud-init[954]: Cloud-init v. 20.2-45-g5f7825e2-0ubuntu1~16.04.1 running 'init' at Tue, 04 Aug 2020 17:14:57 +0000. Up 10.77 seconds.
[   11.888385] cloud-init[954]: ci-info: ++++++++++++++++++++++++++++++++++++++Net device info+++++++++++++++++++++++++++++++++++++++
[   11.889620] cloud-init[954]: ci-info: +--------+-------+----------------------------+---------------+--------+-------------------+
[   11.890853] cloud-init[954]: ci-info: | Device |   Up  |          Address           |      Mask     | Scope  |     Hw-Address    |
[   11.892093] cloud-init[954]: ci-info: +--------+-------+----------------------------+---------------+--------+-------------------+
[   11.893333] cloud-init[954]: ci-info: | enp0s3 |  True |         10.0.2.15          | 255.255.255.0 | global | 02:e5:f9:b1:f5:c2 |
[   11.894577] cloud-init[954]: ci-info: | enp0s3 |  True | fe80::e5:f9ff:feb1:f5c2/64 |       .       |  link  | 02:e5:f9:b1:f5:c2 |
[   11.895688] cloud-init[954]: ci-info: | enp0s8 | False |             .              |       .       |   .    | 08:00:27:37:fb:57 |
[   11.896753] cloud-init[954]: ci-info: |   lo   |  True |         127.0.0.1          |   255.0.0.0   |  host  |         .         |
[   11.898040] cloud-init[954]: ci-info: |   lo   |  True |          ::1/128           |       .       |  host  |         .         |
[   11.904495] cloud-init[954]: ci-info: +--------+-------+----------------------------+---------------+--------+-------------------+
[   11.913090] cloud-init[954]: ci-info: +++++++++++++++++++++++++++Route IPv4 info++++++++++++++++++++++++++++
[   11.914293] cloud-init[954]: ci-info: +-------+-------------+----------+---------------+-----------+-------+
[   11.915554] cloud-init[954]: ci-info: | Route | Destination | Gateway  |    Genmask    | Interface | Flags |
[   11.920841] cloud-init[954]: ci-info: +-------+-------------+----------+---------------+-----------+-------+
[   11.932615] cloud-init[954]: ci-info: |   0   |   0.0.0.0   | 10.0.2.2 |    0.0.0.0    |   enp0s3  |   UG  |
[   11.933597] cloud-init[954]: ci-info: |   1   |   10.0.2.0  | 0.0.0.0  | 255.255.255.0 |   enp0s3  |   U   |
[   11.940361] cloud-init[954]: ci-info: +-------+-------------+----------+---------------+-----------+-------+
[[0;32m  OK  [0m] Started Initial cloud-init job (metadata service crawler).
[   11.948822] [[0;32m  OK  [0m] Reached target Cloud-config availability.
[[0;32m  OK  [0m] Reached target System Initialization.
[[0;32m  OK  [0m] Started Daily Cleanup of Temporary Directories.
[[0;32m  OK  [0m] Started Message of the Day.
         Starting Socket activation for snappy daemon.
[[0;32m  OK  [0m] Listening on ACPID Listen Socket.
[[0;32m  OK  [0m] Started Daily apt download activities.
[cloud-init[0;32m  OK  [0m] Started Daily apt upgrade and clean activities.
[[0;32m  OK  [0m] Reached target Timers.
[954]: ci-info: +++++++++++++++++++Route IPv6 info+++++++++++++++++++
[   11.965281] cloud-init[954]: ci-info: +-------+-------------+---------+-----------+-------+
[   11.966239] cloud-init[954]: ci-info: | Route | Destination | Gateway | Interface | Flags |
[   11.967295] cloud-init[954]: ci-info: +-------+-------------+---------+-----------+-------+
[   11.968275] cloud-init[954]: ci-info: |   0   |  fe80::/64  |    ::   |   enp0s3  |   U   |
[   11.969558] cloud-init[954]: ci-info: |   3   |   ff00::/8  |    ::   |   enp0s3  |   U   |
[   11.970599] cloud-init[954]: ci-info: +-------+-------------+---------+-----------+-------+
[   11.971775] cloud-init[954]: Generating public/private rsa key pair.
[   11.972679] cloud-init[954]: Your identification has been saved in /etc/ssh/ssh_host_rsa_key.
[   11.973705] cloud-init[954]: Your public key has been saved in /etc/ssh/ssh_host_rsa_key.pub.
[   11.974628] cloud-init[954]: The key fingerprint is:
[   11.975390] cloud-init[954]: SHA256:DxnMo0AvNftnDwZhWTAbCRq19J+wUx+ItRzqseFrMQg root@ubuntu-xenial
[   11.976405] cloud-init[954]: The key's randomart image is:
[   11.977134] cloud-init[954]: +---[RSA 2048]----+
[   11.977881] cloud-init[954]: |    o.*.*=+      |
[   11.978595] cloud-init[954]: |   . * OoX +     |
[   11.979389] cloud-init[954]: |    E + # = .    |
[   11.980030] cloud-init[954]: |     + * & o .   |
[   11.980695] cloud-init[954]: |      o S B .    |
[   11.981376] cloud-init[954]: |         @ o     |
[   11.982061] cloud-init[954]: |        o . .    |
[   11.982736] cloud-init[954]: |       .         |
[   11.983405] cloud-init[954]: |                 |
[   11.984110] cloud-init[954]: +----[SHA256]-----+
[   11.984754] cloud-init[954]: Generating public/private dsa key pair.
[   11.985699] cloud-init[954]: Your identification has been saved in /etc/ssh/ssh_host_dsa_key.
[   11.986750] cloud-init[954]: Your public key has been saved in /etc/ssh/ssh_host_dsa_key.pub.
[   11.987743] cloud-init[954]: The key fingerprint is:
[   12.080301] cloud-init[954]: SHA256:4Q9/2IaCqdIsc1R21Mvs2sMTHx7ue+KO6f3Zf3ISGGY root@ubuntu-xenial
[   12.081285] cloud-init[954]: The key's randomart image is:
[   12.081910] cloud-init[954]: +---[DSA 1024]----+
[   12.082497] cloud-init[954]: |         .       |
[   12.088968] cloud-init[954]: |        . .      |
[   12.089520] cloud-init[954]: |       ..o .     |
[   12.090176] cloud-init[954]: |      o...+ E    |
[   12.090870] cloud-init[954]: |     o .S. o o   |
[   12.091514] cloud-init[954]: |    .  o +o++ .  |
[   12.092140] cloud-init[954]: |   +  o .+==+o . |
[   12.092806] cloud-init[954]: |  + +.  ..=*= +oo|
[   12.093483] cloud-init[954]: |   =.    .+**=o+=|
[   12.094147] cloud-init[954]: +----[SHA256]-----+
[   12.094828] cloud-init[954]: Generating public/private ecdsa key pair.
[   12.095625] cloud-init[954]: Your identification has been saved in /etc/ssh/ssh_host_ecdsa_key.
[   12.096361] cloud-init[954]: Your public key has been saved in /etc/ssh/ssh_host_ecdsa_key.pub.
[   12.097290] cloud-init[954]: The key fingerprint is:
[   12.097990] cloud-init[954]: SHA256:O4nyfgkWei07QnHJ/W6H5KXe++4UaJQbZmmBCFjB1ac root@ubuntu-xenial
[   12.098948] cloud-init[954]: The key's randomart image is:
[   12.099671] cloud-init[954]: +---[ECDSA 256]---+
[   12.100283] cloud-init[954]: |     +++.o ..    |
[   12.101120] cloud-init[954]: |    . . . o .+   |
[   12.101797] cloud-init[954]: |     . o   oO    |
[   12.102507] cloud-init[954]: |    . = . E= +   |
[   12.103312] cloud-init[954]: |     + oS.  + .  |
[   12.104071] cloud-init[954]: |    o =..oo..  . |
[   12.104795] cloud-init[954]: |   ..o.++= +  .  |
[   12.105580] cloud-init[954]: |    .oo o.*...   |
[   12.106320] cloud-init[954]: |     ooo o..o=+  |
[   12.107015] cloud-init[954]: +----[SHA256]-----+
[   12.107565] cloud-init[954]: Generating public/private ed25519 key pair.
[   12.108392] cloud-init[954]: Your identification has been saved in /etc/ssh/ssh_host_ed25519_key.
[   12.109356] cloud-init[954]: Your public key has been saved in /etc/ssh/ssh_host_ed25519_key.pub.
[   12.110346] cloud-init[954]: The key fingerprint is:
[   12.111006] cloud-init[954]: SHA256:KhU42noqKKM5bla8v0h8kR0e6jH93YQeXcyOy2fDZZg root@ubuntu-xenial
[   12.111902] cloud-init[954]: The key's randomart image is:
[   12.112613] cloud-init[954]: +--[ED25519 256]--+
[   12.113295] cloud-init[954]: |                 |
[   12.113944] cloud-init[954]: |     .        o  |
[   12.114715] cloud-init[954]: |    o .o       + |
[   12.115395] cloud-init[954]: |   o .*.o   o +o |
[   12.116060] cloud-init[954]: |  o .*.+S  o +E.o|
[   12.116755] cloud-init[954]: |  .+..+.. o = o..|
[   12.117425] cloud-init[954]: |. oo+o.  . o + = |
[   12.118225] cloud-init[954]: |*+.+o.        o .|
[   12.118933] cloud-init[954]: |O=...o.          |
[   12.119551] cloud-init[954]: +----[SHA256]-----+
[[0;32m  OK  [0m] Started ACPI Events Check.
[[0;32m  OK  [0m] Reached target Paths.
         Starting LXD - unix socket.
[[0;32m  OK  [0m] Listening on UUID daemon activation socket.
[[0;32m  OK  [0m] Listening on D-Bus System Message Bus Socket.
[[0;32m  OK  [0m] Reached target Network is Online.
         Starting iSCSI initiator daemon (iscsid)...
[[0;32m  OK  [0m] Listening on Socket activation for snappy daemon.
[[0;32m  OK  [0m] Listening on LXD - unix socket.
[[0;32m  OK  [0m] Reached target Sockets.
[[0;32m  OK  [0m] Reached target Basic System.
         Starting Accounts Service...
         Starting LXD - container startup/shutdown...
[[0;32m  OK  [0m] Started Regular background program processing daemon.
         Starting Virtualbox guest utils...
[[0;32m  OK  [0m] Started D-Bus System Message Bus.
[[0;32m  OK  [0m] Started ACPI event daemon.
         Starting Pollinate to seed the pseudo random number generator...
         Starting LSB: MD monitoring daemon...
[[0;32m  OK  [0m] Started Deferred execution scheduler.
[[0;32m  OK  [0m] Started FUSE filesystem for LXC.
         Starting LSB: Record successful boot for GRUB...
         Starting /etc/rc.local Compatibility...
         Starting System Logging Service...
         Starting Snap Daemon...
         Starting Login Service...
[[0;32m  OK  [0m] Started /etc/rc.local Compatibility.
         Starting Authenticate and Authorize Users to Run Privileged Tasks...
[[0;32m  OK  [0m] Started iSCSI initiator daemon (iscsid).
         Starting Login to default iSCSI targets...
[[0;32m  OK  [0m] Started LSB: Record successful boot for GRUB.
[[0;32m  OK  [0m] Started Login to default iSCSI targets.
[[0;32m  OK  [0m] Reached target Remote File Systems (Pre).
[[0;32m  OK  [0m] Reached target Remote File Systems.
         Starting LSB: automatic crash report generation...
         Starting LSB: daemon to balance interrupts for SMP systems...
         Starting Permit User Sessions...
         Starting LSB: Set the CPU Frequency Scaling governor to "ondemand"...
[[0;32m  OK  [0m] Started LSB: Set the CPU Frequency Scaling governor to "ondemand".
[[0;32m  OK  [0m] Started System Logging Service.
[[0;32m  OK  [0m] Started Permit User Sessions.
[[0;32m  OK  [0m] Started Login Service.
[[0;32m  OK  [0m] Started Unattended Upgrades Shutdown.
         Starting Hold until boot process finishes up...
         Starting Terminate Plymouth Boot Screen...
[[0;32m  OK  [0m] Started LSB: MD monitoring daemon.
[[0;32m  OK  [0m] Started Hold until boot process finishes up.
[[0;32m  OK  [0m] Started Getty on tty1.
[[0;32m  OK  [0m] Started Serial Getty on ttyS0.
[[0;32m  OK  [0m] Reached target Login Prompts.
         Starting Set console scheme...
[[0;32m  OK  [0m] Started Terminate Plymouth Boot Screen.
[[0;32m  OK  [0m] Started LSB: automatic crash report generation.
[[0;32m  OK  [0m] Started Virtualbox guest utils.
[[0;32m  OK  [0m] Started Authenticate and Authorize Users to Run Privileged Tasks.
[[0;32m  OK  [0m] Started Accounts Service.
[[0;32m  OK  [0m] Started Set console scheme.
[[0;32m  OK  [0m] Started LSB: daemon to balance interrupts for SMP systems.
[[0;32m  OK  [0m] Started LXD - container startup/shutdown.
[[0;32m  OK  [0m] Started Pollinate to seed the pseudo random number generator.
         Starting OpenBSD Secure Shell server...
[[0;32m  OK  [0m] Started OpenBSD Secure Shell server.
[[0;32m  OK  [0m] Started Snap Daemon.
         Starting Wait until snapd is fully seeded...
[[0;32m  OK  [0m] Created slice User Slice of vagrant.
         Starting User Manager for UID 1000...
[[0;32m  OK  [0m] Started Session 1 of user vagrant.
[[0;32m  OK  [0m] Started User Manager for UID 1000.
[[0;32m  OK  [0m] Started Wait until snapd is fully seeded.
[[0;32m  OK  [0m] Reached target Multi-User System.
[[0;32m  OK  [0m] Reached target Graphical Interface.
         Starting Update UTMP about System Runlevel Changes...
         Starting Apply the settings specified in cloud-config...
[[0;32m  OK  [0m] Started Update UTMP about System Runlevel Changes.
[   17.507459] cloud-init[1452]: Generating locales (this might take a while)...
[   18.747747] cloud-init[1452]:   en_US.UTF-8... done
[   18.748548] cloud-init[1452]: Generation complete.
[   19.709826] cloud-init[1452]: Cloud-init v. 20.2-45-g5f7825e2-0ubuntu1~16.04.1 running 'modules:config' at Tue, 04 Aug 2020 17:15:03 +0000. Up 17.28 seconds.

Ubuntu 16.04.6 LTS ubuntu-xenial ttyS0

ubuntu-xenial login: ci-info: no authorized SSH keys fingerprints found for user ubuntu.
<14>Aug  4 17:15:06 ec2: 
<14>Aug  4 17:15:06 ec2: #############################################################
<14>Aug  4 17:15:06 ec2: -----BEGIN SSH HOST KEY FINGERPRINTS-----
<14>Aug  4 17:15:06 ec2: 1024 SHA256:4Q9/2IaCqdIsc1R21Mvs2sMTHx7ue+KO6f3Zf3ISGGY root@ubuntu-xenial (DSA)
<14>Aug  4 17:15:06 ec2: 256 SHA256:O4nyfgkWei07QnHJ/W6H5KXe++4UaJQbZmmBCFjB1ac root@ubuntu-xenial (ECDSA)
<14>Aug  4 17:15:06 ec2: 256 SHA256:KhU42noqKKM5bla8v0h8kR0e6jH93YQeXcyOy2fDZZg root@ubuntu-xenial (ED25519)
<14>Aug  4 17:15:06 ec2: 2048 SHA256:DxnMo0AvNftnDwZhWTAbCRq19J+wUx+ItRzqseFrMQg root@ubuntu-xenial (RSA)
<14>Aug  4 17:15:06 ec2: -----END SSH HOST KEY FINGERPRINTS-----
<14>Aug  4 17:15:06 ec2: #############################################################
-----BEGIN SSH HOST KEY KEYS-----
ecdsa-sha2-nistp256 AAAAE2VjZHNhLXNoYTItbmlzdHAyNTYAAAAIbmlzdHAyNTYAAABBBDf5WOwjFZsdfyMITGHyxxVxTl+lKFk6hZF80iUSmRFDx/wkcKCOXTrzHRJBxbzFPY3+FLT3OXf8wL15Wt10UqU= root@ubuntu-xenial
ssh-ed25519 AAAAC3NzaC1lZDI1NTE5AAAAIFtnpGQFlBjvic49SqP1Cn/YVVxifX9+VQPpuroDIdqO root@ubuntu-xenial
ssh-rsa AAAAB3NzaC1yc2EAAAADAQABAAABAQDCnuaJASZJeSJ2SXs6uJJyiUtV5Z731cqGLjOLXoC6KCZBwnpW03g7yFDBjuSnI3PpQ4OvRz4ea0j8JOZVxI2pWlrkmrWjKxA+9/0t0rv4hDMGIPiFROi4PLTmxKybXS1xcdxRjTVvQGZgECJD97BpMD6uHAeILW2KVVBMw9R3m1tzzMgPl/USsOjdlT/xDmH10K0p2yJWDe51K3WJbqz11YlXjxcJ3LiJJHNm69m2dSKuZvCREQPSgy2XBoeyQdvUQbXKAgGfwX9yFKWPxvrRllK0JT3hOW7lk3D3zrWK3Ztz5xQuJ7R/qALS/xiDisdf3E/1aSIKfYfWdFPM6lHT root@ubuntu-xenial
-----END SSH HOST KEY KEYS-----
[   20.100312] cloud-init[1570]: Cloud-init v. 20.2-45-g5f7825e2-0ubuntu1~16.04.1 running 'modules:final' at Tue, 04 Aug 2020 17:15:06 +0000. Up 19.96 seconds.
[   20.101654] cloud-init[1570]: ci-info: no authorized SSH keys fingerprints found for user ubuntu.
[   20.102823] cloud-init[1570]: Cloud-init v. 20.2-45-g5f7825e2-0ubuntu1~16.04.1 finished at Tue, 04 Aug 2020 17:15:06 +0000. Datasource DataSourceNoCloud [seed=/dev/sdb][dsmode=net].  Up 20.08 seconds
         Stopping Session 4 of user vagrant.
[[0;32m  OK  [0m] Stopped target Cloud-init target.
[[0;32m  OK  [0m] Stopped Execute cloud user/final scripts.
         Stopping User Manager for UID 1000...
         Stopping Authenticate and Authorize Users to Run Privileged Tasks...
         Stopping ACPI event daemon...
[[0;32m  OK  [0m] Stopped target Graphical Interface.
[[0;32m  OK  [0m] Stopped target Multi-User System.
         Stopping LSB: Record successful boot for GRUB...
[[0;32m  OK  [0m] Stopped target Login Prompts.
         Stopping Serial Getty on ttyS0...
         Stopping Getty on tty1...
         Stopping Unattended Upgrades Shutdown...
         Stopping D-Bus System Message Bus...
         Stopping LSB: Set the CPU Frequency Scaling governor to "ondemand"...
         Stopping LSB: MD monitoring daemon...
         Stopping OpenBSD Secure Shell server...
         Stopping LSB: daemon to balance interrupts for SMP systems...
         Stopping Virtualbox guest utils...
         Stopping LXD - container startup/shutdown...
[[0;32m  OK  [0m] Stopped Apply the settings specified in cloud-config.
[[0;32m  OK  [0m] Stopped Wait until snapd is fully seeded.
[[0;32m  OK  [0m] Stopped target Cloud-config availability.
         Stopping System Logging Service...
         Stopping Accounts Service...
[[0;32m  OK  [0m] Stopped target Timers.
[[0;32m  OK  [0m] Stopped Message of the Day.
[[0;32m  OK  [0m] Stopped Daily apt upgrade and clean activities.
[[0;32m  OK  [0m] Stopped Daily apt download activities.
[[0;32m  OK  [0m] Stopped target System Time Synchronized.
[[0;32m  OK  [0m] Closed Load/Save RF Kill Switch Status /dev/rfkill Watch.
[[0;32m  OK  [0m] Stopped Daily Cleanup of Temporary Directories.
         Stopping LSB: automatic crash report generation...
         Stopping Regular background program processing daemon...
         Stopping Deferred execution scheduler...
         Stopping FUSE filesystem for LXC...
[[0;32m  OK  [0m] Stopped Accounts Service.
[[0;32m  OK  [0m] Stopped Regular background program processing daemon.
[[0;32m  OK  [0m] Stopped ACPI event daemon.
[[0;32m  OK  [0m] Stopped Deferred execution scheduler.
[[0;32m  OK  [0m] Stopped System Logging Service.
[[0;32m  OK  [0m] Stopped Authenticate and Authorize Users to Run Privileged Tasks.
[[0;32m  OK  [0m] Stopped Unattended Upgrades Shutdown.
[[0;32m  OK  [0m] Stopped Getty on tty1.
[[0;32m  OK  [0m] Stopped Serial Getty on ttyS0.
[[0;32m  OK  [0m] Stopped OpenBSD Secure Shell server.
[[0;32m  OK  [0m] Stopped User Manager for UID 1000.
[[0;32m  OK  [0m] Stopped Session 4 of user vagrant.
[[0;32m  OK  [0m] Stopped D-Bus System Message Bus.
[[0;32m  OK  [0m] Unmounted /var/lib/lxcfs.
[[0;32m  OK  [0m] Stopped LSB: Record successful boot for GRUB.
[[0;32m  OK  [0m] Stopped LSB: MD monitoring daemon.
[[0;32m  OK  [0m] Stopped LXD - container startup/shutdown.
[[0;32m  OK  [0m] Stopped LSB: daemon to balance interrupts for SMP systems.
[[0;32m  OK  [0m] Stopped FUSE filesystem for LXC.
[[0;32m  OK  [0m] Stopped LSB: Set the CPU Frequency Scaling governor to "ondemand".
[[0;32m  OK  [0m] Stopped Virtualbox guest utils.
[[0;32m  OK  [0m] Removed slice User Slice of vagrant.
[[0;32m  OK  [0m] Removed slice system-serial\x2dgetty.slice.
[[0;32m  OK  [0m] Removed slice system-getty.slice.
         Stopping Permit User Sessions...
[[0;32m  OK  [0m] Stopped /etc/rc.local Compatibility.
         Stopping Login Service...
[[0;32m  OK  [0m] Stopped Permit User Sessions.
[[0;32m  OK  [0m] Stopped LSB: automatic crash report generation.
[[0;32m  OK  [0m] Stopped target Remote File Systems.
[[0;32m  OK  [0m] Stopped target Remote File Systems (Pre).
         Stopping Login to default iSCSI targets...
[[0;32m  OK  [0m] Stopped Login Service.
[[0;32m  OK  [0m] Stopped target Basic System.
[[0;32m  OK  [0m] Stopped target Sockets.
[[0;32m  OK  [0m] Closed ACPID Listen Socket.
[[0;32m  OK  [0m] Closed Socket activation for snappy daemon.
[[0;32m  OK  [0m] Closed LXD - unix socket.
[[0;32m  OK  [0m] Closed Syslog Socket.
[[0;32m  OK  [0m] Closed UUID daemon activation socket.
[[0;32m  OK  [0m] Stopped target Slices.
[[0;32m  OK  [0m] Removed slice User and Session Slice.
[[0;32m  OK  [0m] Stopped target Paths.
[[0;32m  OK  [0m] Stopped Forward Password Requests to Wall Directory Watch.
[[0;32m  OK  [0m] Stopped Dispatch Password Requests to Console Directory Watch.
[[0;32m  OK  [0m] Stopped ACPI Events Check.
[[0;32m  OK  [0m] Closed D-Bus System Message Bus Socket.
[[0;32m  OK  [0m] Stopped target System Initialization.
[[0;32m  OK  [0m] Stopped target Swap.
[[0;32m  OK  [0m] Stopped Commit a transient machine-id on disk.
[[0;32m  OK  [0m] Stopped target Encrypted Volumes.
[[0;32m  OK  [0m] Stopped Create Volatile Files and Directories.
         Stopping Load/Save Random Seed...
[[0;32m  OK  [0m] Stopped target User and Group Name Lookups.
[[0;32m  OK  [0m] Stopped Load/Save Random Seed.
[[0;32m  OK  [0m] Stopped Login to default iSCSI targets.
         Stopping iSCSI initiator daemon (iscsid)...
[[0;32m  OK  [0m] Stopped iSCSI initiator daemon (iscsid).
[[0;32m  OK  [0m] Stopped target Network is Online.
[[0;32m  OK  [0m] Stopped Initial cloud-init job (metadata service crawler).
[[0;32m  OK  [0m] Stopped target Network.
         Stopping Raise network interfaces...
[[0;32m  OK  [0m] Stopped Raise network interfaces.
[[0;32m  OK  [0m] Stopped target Local File Systems.
         Unmounting /run/user/1000...
         Unmounting /home/ubuntu/app...
         Unmounting /vagrant...
[[0;32m  OK  [0m] Stopped Apply Kernel Variables.
[[0;32m  OK  [0m] Stopped target Network (Pre).
[[0;32m  OK  [0m] Stopped Initial cloud-init job (pre-networking).
[[0;32m  OK  [0m] Stopped Load Kernel Modules.
[[0;32m  OK  [0m] Unmounted /run/user/1000.
[[0;32m  OK  [0m] Unmounted /home/ubuntu/app.
[[0;32m  OK  [0m] Unmounted /vagrant.
[[0;32m  OK  [0m] Reached target Unmount All Filesystems.
[[0;32m  OK  [0m] Stopped target Local File Systems (Pre).
[[0;32m  OK  [0m] Stopped Remount Root and Kernel File Systems.
[[0;32m  OK  [0m] Stopped Create Static Device Nodes in /dev.
[[0;32m  OK  [0m] Reached target Shutdown.
[  156.914580] reboot: Power down
