[    0.000000] Initializing cgroup subsys cpuset
[    0.000000] Initializing cgroup subsys cpu
[    0.000000] Initializing cgroup subsys cpuacct
[    0.000000] Linux version 4.4.0-186-generic (buildd@lcy01-amd64-002) (gcc version 5.4.0 20160609 (Ubuntu 5.4.0-6ubuntu1~16.04.12) ) #216-Ubuntu SMP Wed Jul 1 05:34:05 UTC 2020 (Ubuntu 4.4.0-186.216-generic 4.4.228)
[    0.000000] Command line: BOOT_IMAGE=/boot/vmlinuz-4.4.0-186-generic root=LABEL=cloudimg-rootfs ro console=tty1 console=ttyS0
[    0.000000] KERNEL supported cpus:
[    0.000000]   Intel GenuineIntel
[    0.000000]   AMD AuthenticAMD
[    0.000000]   Centaur CentaurHauls
[    0.000000] [Firmware Bug]: TSC doesn't count with P0 frequency!
[    0.000000] x86/fpu: xstate_offset[2]:  576, xstate_sizes[2]:  256
[    0.000000] x86/fpu: Supporting XSAVE feature 0x01: 'x87 floating point registers'
[    0.000000] x86/fpu: Supporting XSAVE feature 0x02: 'SSE registers'
[    0.000000] x86/fpu: Supporting XSAVE feature 0x04: 'AVX registers'
[    0.000000] x86/fpu: Enabled xstate features 0x7, context size is 832 bytes, using 'standard' format.
[    0.000000] e820: BIOS-provided physical RAM map:
[    0.000000] BIOS-e820: [mem 0x0000000000000000-0x000000000009fbff] usable
[    0.000000] BIOS-e820: [mem 0x000000000009fc00-0x000000000009ffff] reserved
[    0.000000] BIOS-e820: [mem 0x00000000000f0000-0x00000000000fffff] reserved
[    0.000000] BIOS-e820: [mem 0x0000000000100000-0x000000003ffeffff] usable
[    0.000000] BIOS-e820: [mem 0x000000003fff0000-0x000000003fffffff] ACPI data
[    0.000000] BIOS-e820: [mem 0x00000000fec00000-0x00000000fec00fff] reserved
[    0.000000] BIOS-e820: [mem 0x00000000fee00000-0x00000000fee00fff] reserved
[    0.000000] BIOS-e820: [mem 0x00000000fffc0000-0x00000000ffffffff] reserved
[    0.000000] NX (Execute Disable) protection: active
[    0.000000] SMBIOS 2.5 present.
[    0.000000] Hypervisor detected: KVM
[    0.000000] Kernel/User page tables isolation: disabled
[    0.000000] e820: last_pfn = 0x3fff0 max_arch_pfn = 0x400000000
[    0.000000] MTRR: Disabled
[    0.000000] x86/PAT: MTRRs disabled, skipping PAT initialization too.
[    0.000000] CPU MTRRs all blank - virtualized system.
[    0.000000] x86/PAT: Configuration [0-7]: WB  WT  UC- UC  WB  WT  UC- UC  
[    0.000000] found SMP MP-table at [mem 0x0009fff0-0x0009ffff] mapped at [ffff88000009fff0]
[    0.000000] Scanning 1 areas for low memory corruption
[    0.000000] RAMDISK: [mem 0x362e0000-0x37167fff]
[    0.000000] ACPI: Early table checksum verification disabled
[    0.000000] ACPI: RSDP 0x00000000000E0000 000024 (v02 VBOX  )
[    0.000000] ACPI: XSDT 0x000000003FFF0030 00003C (v01 VBOX   VBOXXSDT 00000001 ASL  00000061)
[    0.000000] ACPI: FACP 0x000000003FFF00F0 0000F4 (v04 VBOX   VBOXFACP 00000001 ASL  00000061)
[    0.000000] ACPI: DSDT 0x000000003FFF0470 002325 (v02 VBOX   VBOXBIOS 00000002 INTL 20100528)
[    0.000000] ACPI: FACS 0x000000003FFF0200 000040
[    0.000000] ACPI: FACS 0x000000003FFF0200 000040
[    0.000000] ACPI: APIC 0x000000003FFF0240 00005C (v02 VBOX   VBOXAPIC 00000001 ASL  00000061)
[    0.000000] ACPI: SSDT 0x000000003FFF02A0 0001CC (v01 VBOX   VBOXCPUT 00000002 INTL 20100528)
[    0.000000] No NUMA configuration found
[    0.000000] Faking a node at [mem 0x0000000000000000-0x000000003ffeffff]
[    0.000000] NODE_DATA(0) allocated [mem 0x3ffeb000-0x3ffeffff]
[    0.000000] kvm-clock: Using msrs 4b564d01 and 4b564d00
[    0.000000] kvm-clock: cpu 0, msr 0:3ffe3001, primary cpu clock
[    0.000000] kvm-clock: using sched offset of 4187092698 cycles
[    0.000000] clocksource: kvm-clock: mask: 0xffffffffffffffff max_cycles: 0x1cd42e4dffb, max_idle_ns: 881590591483 ns
[    0.000000] Zone ranges:
[    0.000000]   DMA      [mem 0x0000000000001000-0x0000000000ffffff]
[    0.000000]   DMA32    [mem 0x0000000001000000-0x000000003ffeffff]
[    0.000000]   Normal   empty
[    0.000000]   Device   empty
[    0.000000] Movable zone start for each node
[    0.000000] Early memory node ranges
[    0.000000]   node   0: [mem 0x0000000000001000-0x000000000009efff]
[    0.000000]   node   0: [mem 0x0000000000100000-0x000000003ffeffff]
[    0.000000] Initmem setup node 0 [mem 0x0000000000001000-0x000000003ffeffff]
[    0.000000] ACPI: PM-Timer IO Port: 0x4008
[    0.000000] IOAPIC[0]: apic_id 2, version 32, address 0xfec00000, GSI 0-23
[    0.000000] ACPI: INT_SRC_OVR (bus 0 bus_irq 0 global_irq 2 dfl dfl)
[    0.000000] ACPI: INT_SRC_OVR (bus 0 bus_irq 9 global_irq 9 low level)
[    0.000000] Using ACPI (MADT) for SMP configuration information
[    0.000000] smpboot: Allowing 2 CPUs, 0 hotplug CPUs
[    0.000000] PM: Registered nosave memory: [mem 0x00000000-0x00000fff]
[    0.000000] PM: Registered nosave memory: [mem 0x0009f000-0x0009ffff]
[    0.000000] PM: Registered nosave memory: [mem 0x000a0000-0x000effff]
[    0.000000] PM: Registered nosave memory: [mem 0x000f0000-0x000fffff]
[    0.000000] e820: [mem 0x40000000-0xfebfffff] available for PCI devices
[    0.000000] Booting paravirtualized kernel on KVM
[    0.000000] clocksource: refined-jiffies: mask: 0xffffffff max_cycles: 0xffffffff, max_idle_ns: 7645519600211568 ns
[    0.000000] setup_percpu: NR_CPUS:512 nr_cpumask_bits:512 nr_cpu_ids:2 nr_node_ids:1
[    0.000000] PERCPU: Embedded 33 pages/cpu @ffff88003fc00000 s95512 r8192 d31464 u1048576
[    0.000000] Built 1 zonelists in Node order, mobility grouping on.  Total pages: 257912
[    0.000000] Policy zone: DMA32
[    0.000000] Kernel command line: BOOT_IMAGE=/boot/vmlinuz-4.4.0-186-generic root=LABEL=cloudimg-rootfs ro console=tty1 console=ttyS0
[    0.000000] PID hash table entries: 4096 (order: 3, 32768 bytes)
[    0.000000] Memory: 997664K/1048120K available (8636K kernel code, 1337K rwdata, 4040K rodata, 1492K init, 1296K bss, 50456K reserved, 0K cma-reserved)
[    0.000000] SLUB: HWalign=64, Order=0-3, MinObjects=0, CPUs=2, Nodes=1
[    0.000000] Hierarchical RCU implementation.
[    0.000000] 	Build-time adjustment of leaf fanout to 64.
[    0.000000] 	RCU restricting CPUs from NR_CPUS=512 to nr_cpu_ids=2.
[    0.000000] RCU: Adjusting geometry for rcu_fanout_leaf=64, nr_cpu_ids=2
[    0.000000] NR_IRQS:33024 nr_irqs:440 16
[    0.000000] Console: colour VGA+ 80x25
[    0.000000] console [tty1] enabled
[    0.000000] console [ttyS0] enabled
[    0.000000] tsc: Detected 3599.988 MHz processor
[    0.134398] Calibrating delay loop (skipped) preset value.. 7199.97 BogoMIPS (lpj=14399952)
[    0.135662] pid_max: default: 32768 minimum: 301
[    0.136341] ACPI: Core revision 20150930
[    0.137683] ACPI: 2 ACPI AML tables successfully acquired and loaded
[    0.138650] Security Framework initialized
[    0.139256] Yama: becoming mindful.
[    0.139811] AppArmor: AppArmor initialized
[    0.140464] Dentry cache hash table entries: 131072 (order: 8, 1048576 bytes)
[    0.141569] Inode-cache hash table entries: 65536 (order: 7, 524288 bytes)
[    0.156687] Mount-cache hash table entries: 2048 (order: 2, 16384 bytes)
[    0.157624] Mountpoint-cache hash table entries: 2048 (order: 2, 16384 bytes)
[    0.158700] Initializing cgroup subsys io
[    0.159360] Initializing cgroup subsys memory
[    0.160047] Initializing cgroup subsys devices
[    0.160704] Initializing cgroup subsys freezer
[    0.161343] Initializing cgroup subsys net_cls
[    0.161983] Initializing cgroup subsys perf_event
[    0.162657] Initializing cgroup subsys net_prio
[    0.163313] Initializing cgroup subsys hugetlb
[    0.163954] Initializing cgroup subsys pids
[    0.170252] mce: CPU supports 0 MCE banks
[    0.170870] Last level iTLB entries: 4KB 1024, 2MB 1024, 4MB 512
[    0.171686] Last level dTLB entries: 4KB 1536, 2MB 1536, 4MB 768, 1GB 0
[    0.172545] Spectre V1 : Mitigation: usercopy/swapgs barriers and __user pointer sanitization
[    0.173738] Spectre V2 : Spectre mitigation: LFENCE not serializing, switching to generic retpoline
[    0.175027] Spectre V2 : Mitigation: Full generic retpoline
[    0.175809] Spectre V2 : Spectre v2 / SpectreRSB mitigation: Filling RSB on context switch
[    0.177102] Speculative Store Bypass: Mitigation: Speculative Store Bypass disabled via prctl and seccomp
[    0.180429] Freeing SMP alternatives memory: 36K
[    0.186090] ftrace: allocating 32334 entries in 127 pages
[    0.238670] smpboot: APIC(0) Converting physical 0 to logical package 0
[    0.239611] smpboot: Max logical packages: 1
[    0.240474] x2apic enabled
[    0.241138] Switched APIC routing to physical x2apic.
[    0.242765] ..TIMER: vector=0x30 apic1=0 pin1=2 apic2=-1 pin2=-1
[    0.351664] APIC calibration not consistent with PM-Timer: 105ms instead of 100ms
[    0.352851] APIC delta adjusted to PM-Timer: 6434105 (6761173)
[    0.353724] smpboot: CPU0: AMD Ryzen 5 2600X Six-Core Processor (family: 0x17, model: 0x8, stepping: 0x2)
[    0.355327] Performance Events: Broken PMU hardware detected, using software events only.
[    0.356603] Failed to access perfctr msr (MSR c0010007 is 0)
[    0.362934] KVM setup paravirtual spinlock
[    0.364136] x86: Booting SMP configuration:
[    0.364793] .... node  #0, CPUs:      #1
[    0.365588] kvm-clock: cpu 1, msr 0:3ffe3041, secondary cpu clock
[    0.371883] mce: CPU supports 0 MCE banks
[    0.374300] x86: Booted up 1 node, 2 CPUs
[    0.375076] smpboot: Total of 2 processors activated (14399.95 BogoMIPS)
[    0.376484] devtmpfs: initialized
[    0.378405] evm: security.selinux
[    0.378972] evm: security.SMACK64
[    0.379528] evm: security.SMACK64EXEC
[    0.380112] evm: security.SMACK64TRANSMUTE
[    0.380743] evm: security.SMACK64MMAP
[    0.381329] evm: security.ima
[    0.381843] evm: security.capability
[    0.389622] clocksource: jiffies: mask: 0xffffffff max_cycles: 0xffffffff, max_idle_ns: 7645041785100000 ns
[    0.391140] futex hash table entries: 512 (order: 3, 32768 bytes)
[    0.392166] pinctrl core: initialized pinctrl subsystem
[    0.393076] RTC time: 17:43:05, date: 08/04/20
[    0.393987] NET: Registered protocol family 16
[    0.404458] cpuidle: using governor ladder
[    0.417178] cpuidle: using governor menu
[    0.417816] PCCT header not found.
[    0.418611] ACPI: bus type PCI registered
[    0.419241] acpiphp: ACPI Hot Plug PCI Controller Driver version: 0.5
[    0.420206] PCI: Using configuration type 1 for base access
[    0.420984] PCI: Using configuration type 1 for extended access
[    0.434153] ACPI: Added _OSI(Module Device)
[    0.434821] ACPI: Added _OSI(Processor Device)
[    0.435543] ACPI: Added _OSI(3.0 _SCP Extensions)
[    0.436290] ACPI: Added _OSI(Processor Aggregator Device)
[    0.437462] ACPI: Executed 1 blocks of module-level executable AML code
[    0.439800] ACPI: Interpreter enabled
[    0.440545] ACPI: (supports S0 S5)
[    0.441126] ACPI: Using IOAPIC for interrupt routing
[    0.441952] PCI: Using host bridge windows from ACPI; if necessary, use "pci=nocrs" and report a bug
[    0.445808] ACPI: PCI Root Bridge [PCI0] (domain 0000 [bus 00-ff])
[    0.446675] acpi PNP0A03:00: _OSC: OS supports [ExtendedConfig ASPM ClockPM Segments MSI]
[    0.448298] acpi PNP0A03:00: _OSC: platform does not support [PCIeCapability]
[    0.449484] acpi PNP0A03:00: _OSC: not requesting control; platform does not support [PCIeCapability]
[    0.450825] acpi PNP0A03:00: _OSC: OS requested [PCIeHotplug PME AER PCIeCapability]
[    0.452036] acpi PNP0A03:00: _OSC: platform willing to grant [PCIeHotplug PME AER]
[    0.461774] acpi PNP0A03:00: _OSC failed (AE_SUPPORT); disabling ASPM
[    0.463520] PCI host bridge to bus 0000:00
[    0.464465] pci_bus 0000:00: root bus resource [io  0x0000-0x0cf7 window]
[    0.465841] pci_bus 0000:00: root bus resource [io  0x0d00-0xffff window]
[    0.467230] pci_bus 0000:00: root bus resource [mem 0x000a0000-0x000bffff window]
[    0.468939] pci_bus 0000:00: root bus resource [mem 0x40000000-0xfdffffff window]
[    0.470642] pci_bus 0000:00: root bus resource [bus 00-ff]
[    0.473981] pci 0000:00:01.1: legacy IDE quirk: reg 0x10: [io  0x01f0-0x01f7]
[    0.475453] pci 0000:00:01.1: legacy IDE quirk: reg 0x14: [io  0x03f6]
[    0.476569] pci 0000:00:01.1: legacy IDE quirk: reg 0x18: [io  0x0170-0x0177]
[    0.477517] pci 0000:00:01.1: legacy IDE quirk: reg 0x1c: [io  0x0376]
[    0.484949] pci 0000:00:07.0: quirk: [io  0x4000-0x403f] claimed by PIIX4 ACPI
[    0.486123] pci 0000:00:07.0: quirk: [io  0x4100-0x410f] claimed by PIIX4 SMB
[    0.493069] ACPI: PCI Interrupt Link [LNKA] (IRQs 5 9 10 *11)
[    0.494525] ACPI: PCI Interrupt Link [LNKB] (IRQs 5 9 *10 11)
[    0.495734] ACPI: PCI Interrupt Link [LNKC] (IRQs 5 *9 10 11)
[    0.496902] ACPI: PCI Interrupt Link [LNKD] (IRQs 5 9 10 *11)
[    0.498094] ACPI: Enabled 2 GPEs in block 00 to 07
[    0.499126] vgaarb: setting as boot device: PCI:0000:00:02.0
[    0.499944] vgaarb: device added: PCI:0000:00:02.0,decodes=io+mem,owns=io+mem,locks=none
[    0.501187] vgaarb: loaded
[    0.501669] vgaarb: bridge control possible 0000:00:02.0
[    0.502603] SCSI subsystem initialized
[    0.503289] ACPI: bus type USB registered
[    0.503928] usbcore: registered new interface driver usbfs
[    0.504740] usbcore: registered new interface driver hub
[    0.505572] usbcore: registered new device driver usb
[    0.506421] PCI: Using ACPI for IRQ routing
[    0.507461] NetLabel: Initializing
[    0.508044] NetLabel:  domain hash size = 128
[    0.508831] NetLabel:  protocols = UNLABELED CIPSOv4
[    0.509647] NetLabel:  unlabeled traffic allowed by default
[    0.510531] amd_nb: Cannot enumerate AMD northbridges
[    0.511315] clocksource: Switched to clocksource kvm-clock
[    0.537675] AppArmor: AppArmor Filesystem Enabled
[    0.538433] pnp: PnP ACPI init
[    0.539537] pnp: PnP ACPI: found 3 devices
[    0.547967] clocksource: acpi_pm: mask: 0xffffff max_cycles: 0xffffff, max_idle_ns: 2085701024 ns
[    0.549303] NET: Registered protocol family 2
[    0.550048] TCP established hash table entries: 8192 (order: 4, 65536 bytes)
[    0.550999] TCP bind hash table entries: 8192 (order: 5, 131072 bytes)
[    0.551936] TCP: Hash tables configured (established 8192 bind 8192)
[    0.564618] UDP hash table entries: 512 (order: 2, 16384 bytes)
[    0.565514] UDP-Lite hash table entries: 512 (order: 2, 16384 bytes)
[    0.566410] NET: Registered protocol family 1
[    0.567069] pci 0000:00:00.0: Limiting direct PCI/PCI transfers
[    0.567885] pci 0000:00:01.0: Activating ISA DMA hang workarounds
[    0.568829] Unpacking initramfs...
[    1.004619] Freeing initrd memory: 14880K
[    1.005399] clocksource: tsc: mask: 0xffffffffffffffff max_cycles: 0x33e44876f06, max_idle_ns: 440795361059 ns
[    1.006978] platform rtc_cmos: registered platform RTC device (no PNP device found)
[    1.008218] Scanning for low memory corruption every 60 seconds
[    1.009385] audit: initializing netlink subsys (disabled)
[    1.010180] audit: type=2000 audit(1596562991.350:1): initialized
[    1.011223] Initialise system trusted keyring
[    1.012049] HugeTLB registered 2 MB page size, pre-allocated 0 pages
[    1.013712] zbud: loaded
[    1.014479] VFS: Disk quotas dquot_6.6.0
[    1.015132] VFS: Dquot-cache hash table entries: 512 (order 0, 4096 bytes)
[    1.016175] squashfs: version 4.0 (2009/01/31) Phillip Lougher
[    1.017139] fuse init (API version 7.23)
[    1.017864] Key type big_key registered
[    1.018477] Allocating IMA MOK and blacklist keyrings.
[    1.037396] Key type asymmetric registered
[    1.038091] Asymmetric key parser 'x509' registered
[    1.038811] Block layer SCSI generic (bsg) driver version 0.4 loaded (major 249)
[    1.040023] io scheduler noop registered
[    1.040775] io scheduler deadline registered (default)
[    1.041525] io scheduler cfq registered
[    1.042339] pci_hotplug: PCI Hot Plug PCI Core version: 0.5
[    1.043201] pciehp: PCI Express Hot Plug Controller Driver version: 0.4
[    1.044251] ACPI: AC Adapter [AC] (on-line)
[    1.044945] input: Power Button as /devices/LNXSYSTM:00/LNXPWRBN:00/input/input0
[    1.046100] ACPI: Power Button [PWRF]
[    1.046735] input: Sleep Button as /devices/LNXSYSTM:00/LNXSLPBN:00/input/input1
[    1.047891] ACPI: Sleep Button [SLPF]
[    1.048606] GHES: HEST is not enabled!
[    1.049303] Serial: 8250/16550 driver, 32 ports, IRQ sharing enabled
[    1.070660] 00:02: ttyS0 at I/O 0x3f8 (irq = 4, base_baud = 115200) is a 16550A
[    1.073427] Linux agpgart interface v0.103
[    1.075240] loop: module loaded
[    1.076189] scsi host0: ata_piix
[    1.076814] scsi host1: ata_piix
[    1.077389] ata1: PATA max UDMA/33 cmd 0x1f0 ctl 0x3f6 bmdma 0xd000 irq 14
[    1.078304] ata2: PATA max UDMA/33 cmd 0x170 ctl 0x376 bmdma 0xd008 irq 15
[    1.079287] libphy: Fixed MDIO Bus: probed
[    1.079939] tun: Universal TUN/TAP device driver, 1.6
[    1.080665] tun: (C) 1999-2004 Max Krasnyansky <maxk@qualcomm.com>
[    1.081554] PPP generic driver version 2.4.2
[    1.082259] ehci_hcd: USB 2.0 'Enhanced' Host Controller (EHCI) Driver
[    1.083160] ehci-pci: EHCI PCI platform driver
[    1.083829] ehci-platform: EHCI generic platform driver
[    1.084621] ohci_hcd: USB 1.1 'Open' Host Controller (OHCI) Driver
[    1.085522] ohci-pci: OHCI PCI platform driver
[    1.086198] ohci-platform: OHCI generic platform driver
[    1.086959] uhci_hcd: USB Universal Host Controller Interface driver
[    1.087864] i8042: PNP: PS/2 Controller [PNP0303:PS2K,PNP0f03:PS2M] at 0x60,0x64 irq 1,12
[    1.089489] serio: i8042 KBD port at 0x60,0x64 irq 1
[    1.090400] serio: i8042 AUX port at 0x60,0x64 irq 12
[    1.091281] mousedev: PS/2 mouse device common for all mice
[    1.092346] input: AT Translated Set 2 keyboard as /devices/platform/i8042/serio0/input/input2
[    1.093927] rtc_cmos rtc_cmos: rtc core: registered rtc_cmos as rtc0
[    1.094832] rtc_cmos rtc_cmos: alarms up to one day, 114 bytes nvram
[    1.095729] i2c /dev entries driver
[    1.096330] device-mapper: uevent: version 1.0.3
[    1.097131] device-mapper: ioctl: 4.34.0-ioctl (2015-10-28) initialised: dm-devel@redhat.com
[    1.098362] ledtrig-cpu: registered to indicate activity on CPUs
[    1.099551] NET: Registered protocol family 10
[    1.100360] NET: Registered protocol family 17
[    1.101083] Key type dns_resolver registered
[    1.102035] registered taskstats version 1
[    1.102683] Loading compiled-in X.509 certificates
[    1.103817] Loaded X.509 cert 'Build time autogenerated kernel key: cef5e81496c0efa51b848ab539e845ddf31c08be'
[    1.105286] zswap: loaded using pool lzo/zbud
[    1.107168] Key type trusted registered
[    1.109764] Key type encrypted registered
[    1.110400] AppArmor: AppArmor sha1 policy hashing enabled
[    1.111178] ima: No TPM chip found, activating TPM-bypass!
[    1.111984] ima: Allocated hash algorithm: sha1
[    1.112668] evm: HMAC attrs: 0x1
[    1.113462]   Magic number: 0:799:743
[    1.114108] rtc_cmos rtc_cmos: setting system clock to 2020-08-04 17:43:06 UTC (1596562986)
[    1.115406] BIOS EDD facility v0.16 2004-Jun-25, 0 devices found
[    1.116231] EDD information not available.
[    1.258533] Freeing unused kernel memory: 1492K
[    1.259232] Write protecting the kernel read-only data: 14336k
[    1.260526] Freeing unused kernel memory: 1592K
[    1.261350] Freeing unused kernel memory: 56K
Loading, please wait...
starting version 229
[    1.271120] random: systemd-udevd: uninitialized urandom read (16 bytes read, 4 bits of entropy available)
[    1.271426] random: udevadm: uninitialized urandom read (16 bytes read, 4 bits of entropy available)
[    1.271441] random: udevadm: uninitialized urandom read (16 bytes read, 4 bits of entropy available)
[    1.275281] random: systemd-udevd: uninitialized urandom read (16 bytes read, 4 bits of entropy available)
[    1.277109] random: systemd-udevd: uninitialized urandom read (16 bytes read, 4 bits of entropy available)
[    1.278057] random: udevadm: uninitialized urandom read (16 bytes read, 4 bits of entropy available)
[    1.278090] random: udevadm: uninitialized urandom read (16 bytes read, 4 bits of entropy available)
[    1.278185] random: udevadm: uninitialized urandom read (16 bytes read, 4 bits of entropy available)
[    1.278222] random: udevadm: uninitialized urandom read (16 bytes read, 4 bits of entropy available)
[    1.278258] random: udevadm: uninitialized urandom read (16 bytes read, 4 bits of entropy available)
[    1.309681] e1000: Intel(R) PRO/1000 Network Driver - version 7.3.21-k8-NAPI
[    1.310683] e1000: Copyright (c) 1999-2006 Intel Corporation.
[    1.314099] Fusion MPT base driver 3.04.20
[    1.314734] Copyright (c) 1999-2008 LSI Corporation
[    1.319695] Fusion MPT SPI Host driver 3.04.20
[    1.330084] AVX2 version of gcm_enc/dec engaged.
[    1.330852] AES CTR mode by8 optimization enabled
[    1.521008] input: ImExPS/2 Generic Explorer Mouse as /devices/platform/i8042/serio1/input/input4
[    1.652651] e1000 0000:00:03.0 eth0: (PCI:33MHz:32-bit) 02:e5:f9:b1:f5:c2
[    1.653715] e1000 0000:00:03.0 eth0: Intel(R) PRO/1000 Network Connection
[    2.110644] e1000 0000:00:08.0 eth1: (PCI:33MHz:32-bit) 08:00:27:f5:c0:e1
[    2.111733] e1000 0000:00:08.0 eth1: Intel(R) PRO/1000 Network Connection
[    2.114234] e1000 0000:00:03.0 enp0s3: renamed from eth0
[    2.115194] mptbase: ioc0: Initiating bringup
[    2.132112] e1000 0000:00:08.0 enp0s8: renamed from eth1
[    2.184088] ioc0: LSI53C1030 A0: Capabilities={Initiator}
[    2.345642] scsi host2: ioc0: LSI53C1030 A0, FwRev=00000000h, Ports=1, MaxQ=256, IRQ=20
[    2.459936] scsi 2:0:0:0: Direct-Access     VBOX     HARDDISK         1.0  PQ: 0 ANSI: 5
[    2.462127] scsi target2:0:0: Beginning Domain Validation
[    2.464522] scsi target2:0:0: Domain Validation skipping write tests
[    2.466092] scsi target2:0:0: Ending Domain Validation
[    2.467530] scsi target2:0:0: asynchronous
[    2.469065] scsi 2:0:1:0: Direct-Access     VBOX     HARDDISK         1.0  PQ: 0 ANSI: 5
[    2.470759] scsi target2:0:1: Beginning Domain Validation
[    2.471984] scsi target2:0:1: Domain Validation skipping write tests
[    2.472853] scsi target2:0:1: Ending Domain Validation
[    2.473650] scsi target2:0:1: asynchronous
[    2.478384] sd 2:0:0:0: Attached scsi generic sg0 type 0
[    2.479381] sd 2:0:1:0: Attached scsi generic sg1 type 0
[    2.479573] sd 2:0:0:0: [sda] 20971520 512-byte logical blocks: (10.7 GB/10.0 GiB)
[    2.481704] sd 2:0:1:0: [sdb] 20480 512-byte logical blocks: (10.5 MB/10.0 MiB)
[    2.481741] sd 2:0:0:0: [sda] Write Protect is off
[    2.481839] sd 2:0:0:0: [sda] Incomplete mode parameter data
[    2.481840] sd 2:0:0:0: [sda] Assuming drive cache: write through
[    2.486997] sd 2:0:1:0: [sdb] Write Protect is off
[    2.487742] sd 2:0:1:0: [sdb] Incomplete mode parameter data
[    2.488562] sd 2:0:1:0: [sdb] Assuming drive cache: write through
[    2.493534]  sda: sda1
[    2.494413] sd 2:0:0:0: [sda] Attached SCSI disk
[    2.519736] sd 2:0:1:0: [sdb] Attached SCSI disk
Begin: Loading essential drivers ... [    3.834934] md: linear personality registered for level -1
[    3.837317] md: multipath personality registered for level -4
[    3.839550] md: raid0 personality registered for level 0
[    3.843024] md: raid1 personality registered for level 1
[    3.911939] raid6: sse2x1   gen()  8543 MB/s
[    3.979324] raid6: sse2x1   xor()  8090 MB/s
[    4.048069] raid6: sse2x2   gen() 16599 MB/s
[    4.115954] raid6: sse2x2   xor() 11024 MB/s
[    4.183338] raid6: sse2x4   gen() 17515 MB/s
[    4.251702] raid6: sse2x4   xor()  9659 MB/s
[    4.319329] raid6: avx2x1   gen() 18840 MB/s
[    4.387458] raid6: avx2x2   gen() 24948 MB/s
[    4.455347] raid6: avx2x4   gen() 25459 MB/s
[    4.456108] raid6: using algorithm avx2x4 gen() 25459 MB/s
[    4.456916] raid6: using avx2x2 recovery algorithm
[    4.458493] xor: automatically using best checksumming function:
[    4.500258]    avx       : 15463.000 MB/sec
[    4.501729] async_tx: api initialized (async)
[    4.508422] md: raid6 personality registered for level 6
[    4.509235] md: raid5 personality registered for level 5
[    4.510049] md: raid4 personality registered for level 4
[    4.515021] md: raid10 personality registered for level 10
done.
Begin: Running /scripts/init-premount ... done.
Begin: Mounting root file system ... Begin: Running /scripts/local-top ... done.
Begin: Running /scripts/local-premount ... [    4.536214] Btrfs loaded
Scanning for Btrfs filesystems
done.
Warning: fsck not present, so skipping root file system
[    4.583205] EXT4-fs (sda1): mounted filesystem with ordered data mode. Opts: (null)
done.
Begin: Running /scripts/local-bottom ... done.
Begin: Running /scripts/init-bottom ... done.
[    5.228910] systemd[1]: systemd 229 running in system mode. (+PAM +AUDIT +SELINUX +IMA +APPARMOR +SMACK +SYSVINIT +UTMP +LIBCRYPTSETUP +GCRYPT +GNUTLS +ACL +XZ -LZ4 +SECCOMP +BLKID +ELFUTILS +KMOD -IDN)
[    5.231683] systemd[1]: Detected virtualization oracle.
[    5.232470] systemd[1]: Detected architecture x86-64.

Welcome to [1mUbuntu 16.04.6 LTS[0m!

[    5.311641] systemd[1]: Set hostname to <ubuntu>.
[    5.335836] systemd[1]: Initializing machine ID from random generator.
[    5.337647] systemd[1]: Installed transient /etc/machine-id file.
[    5.472200] random: nonblocking pool is initialized
[    5.978487] systemd[1]: Reached target System Time Synchronized.
[[0;32m  OK  [0m] Reached target System Time Synchronized.
[    6.001789] systemd[1]: Listening on udev Kernel Socket.
[[0;32m  OK  [0m] Listening on udev Kernel Socket.
[    6.009470] systemd[1]: Listening on Syslog Socket.
[[0;32m  OK  [0m] Listening on Syslog Socket.
[    6.011800] systemd[1]: Created slice System Slice.
[[0;32m  OK  [0m] Created slice System Slice.
[    6.020165] systemd[1]: Listening on Journal Socket (/dev/log).
[[0;32m  OK  [0m] Listening on Journal Socket (/dev/log).
[    6.027999] systemd[1]: Started Trigger resolvconf update for networkd DNS.
[[0;32m  OK  [0m] Started Trigger resolvconf update for networkd DNS.
[    6.029564] systemd[1]: Listening on Device-mapper event daemon FIFOs.
[[0;32m  OK  [0m] Listening on Device-mapper event daemon FIFOs.
[    6.031223] systemd[1]: Created slice User and Session Slice.
[[0;32m  OK  [0m] Created slice User and Session Slice.
[    6.032677] systemd[1]: Listening on Journal Audit Socket.
[[0;32m  OK  [0m] Listening on Journal Audit Socket.
[    6.034034] systemd[1]: Reached target Swap.
[[0;32m  OK  [0m] Reached target Swap.
[    6.035235] systemd[1]: Listening on Journal Socket.
[[0;32m  OK  [0m] Listening on Journal Socket.
[    6.047468] systemd[1]: Mounting POSIX Message Queue File System...
         Mounting POSIX Message Queue File System...
[    6.049522] systemd[1]: Starting Set console keymap...
         Starting Set console keymap...
[    6.051173] systemd[1]: Starting Uncomplicated firewall...
         Starting Uncomplicated firewall...
[    6.052821] systemd[1]: Mounting Debug File System...
         Mounting Debug File System...
[    6.054471] systemd[1]: Starting Create list of required static device nodes for the current kernel...
         Starting Create list of required st... nodes for the current kernel...
[    6.057028] systemd[1]: Starting Remount Root and Kernel File Systems...
         Starting Remount Root and Kernel File Systems...
[    6.059001] systemd[1]: Starting Nameserver information manager...
         Starting Nameserver information manager...
[    6.095402] EXT4-fs (sda1): re-mounted. Opts: (null)
[    6.127997] systemd[1]: Starting Load Kernel Modules...
         Starting Load Kernel Modules...
[    6.130865] systemd[1]: Starting Journal Service...
         Starting Journal Service...
[    6.132200] systemd[1]: Created slice system-serial\x2dgetty.slice.
[[0;32m  OK  [0m] Created slice system-serial\x2dgetty.slice.
[    6.133670] systemd[1]: Set up automount Arbitrary Executable File Formats File System Automount Point.
[[0;32m  OK  [0m] Set up automount Arbitrary Executab...ats File System Automount Point.
[    6.166930] systemd[1]: Listening on LVM2 poll daemon socket.
[[0;32m  OK  [0m] Listening on LVM2 poll daemon socket.
[    6.168556] systemd[1]: Listening on LVM2 metadata daemon socket.
[[0;32m  OK  [0m] Listening on LVM2 metadata daemon socket.
[    6.183639] systemd[1]: Starting Monitoring of LVM2 mirrors, snapshots etc. using dmeventd or progress polling...
         Starting Monitoring of LVM2 mirrors... dmeventd or progress polling...
[    6.185934] systemd[1]: Listening on udev Control Socket.
[[0;32m  OK  [0m] Listening on udev Control Socket.
[    6.187745] systemd[1]: Mounting Huge Pages File System...
         Mounting Huge Pages File System...
[    6.189000] systemd[1]: Reached target User and Group Name Lookups.
[[0;32m  OK  [0m] Reached target User and Group Name Lookups.
[    6.190615] systemd[1]: Reached target Slices.
[[0;32m  OK  [0m] Reached target Slices.
[    6.191895] systemd[1]: Reached target Encrypted Volumes.
[[0;32m  OK  [0m] Reached target Encrypted Volumes.
[    6.193423] systemd[1]: Started Forward Password Requests to Wall Directory Watch.
[[0;32m  OK  [0m] Started Forward Password Requests to Wall Directory Watch.
[    6.195481] systemd[1]: Listening on /dev/initctl Compatibility Named Pipe.
[[0;32m  OK  [0m] Listening on /dev/initctl Compatibility Named Pipe.
[    6.198561] systemd[1]: Mounted POSIX Message Queue File System.
[[0;32m  OK  [0m] Mounted POSIX Message Queue File System.
[    6.200196] systemd[1]: Mounted Debug File System.
[[0;32m  OK  [0m] Mounted Debug File System.
[    6.201554] systemd[1]: Mounted Huge Pages File System.
[[0;32m  OK  [0m] Mounted Huge Pages File System.
[    6.203511] systemd[1]: Started Uncomplicated firewall.
[[0;32m  OK  [0m] Started Uncomplicated firewall.
[    6.205440] systemd[1]: Started Create list of required static device nodes for the current kernel.
[[0;32m  OK  [0m] Started Create list of required sta...ce nodes for the current kernel.
[    6.207937] systemd[1]: Started Remount Root and Kernel File Systems.
[[0;32m  OK  [0m] Started Remount Root and Kernel File Systems.
[    6.211147] systemd[1]: Starting Load/Save Random Seed...
         Starting Load/Save Random Seed...
[    6.254309] Loading iSCSI transport class v2.0-870.
[    6.255856] systemd[1]: Starting udev Coldplug all Devices...
         Starting udev Coldplug all Devices...
[    6.275635] systemd[1]: Starting Create Static Device Nodes in /dev...
         Starting Create Static Device Nodes in /dev...
[    6.277796] systemd[1]: Started Nameserver information manager.
[[0;32m  OK  [0m] Started Nameserver information manager.
[    6.284710] systemd[1]: Started Set console keymap.
[[0;32m  OK  [0m] Started Set console keymap.
[    6.286914] systemd[1]: Started Load/Save Random Seed.
[[0;32m  OK  [0m] Started Load/Save Random Seed.
[    6.367884] iscsi: registered transport (tcp)
[    6.374096] systemd[1]: Started udev Coldplug all Devices.
[[0;32m  OK  [0m] Started udev Coldplug all Devices.
[    6.494215] systemd[1]: Started Journal Service.
[[0;32m  OK  [0m] Started Journal Service.
         Starting Flush Journal to Persistent Storage...
[[0;32m  OK  [0m] Started LVM2 metadata daemon.
[    6.547558] systemd-journald[392]: Received request to flush runtime journal from PID 1
[[0;32m  OK  [0m] Started Flush Journal to Persistent Storage.
[[0;32m  OK  [0m] Started Monitoring of LVM2 mirrors,...ng dmeventd or progress polling.
[    6.648829] iscsi: registered transport (iser)
[[0;32m  OK  [0m] Started Load Kernel Modules.
         Mounting FUSE Control File System...
         Starting Apply Kernel Variables...
[[0;32m  OK  [0m] Mounted FUSE Control File System.
[[0;32m  OK  [0m] Started Create Static Device Nodes in /dev.
[[0;32m  OK  [0m] Started Apply Kernel Variables.
         Starting udev Kernel Device Manager...
[[0;32m  OK  [0m] Reached target Local File Systems (Pre).
[[0;32m  OK  [0m] Reached target Local File Systems.
         Starting Create Volatile Files and Directories...
         Starting Tell Plymouth To Write Out Runtime Data...
         Starting Commit a transient machine-id on disk...
         Starting Set console font and keymap...
         Starting LSB: AppArmor initialization...
         Starting Initial cloud-init job (pre-networking)...
[[0;32m  OK  [0m] Started Create Volatile Files and Directories.
         Starting Update UTMP about System Boot/Shutdown...
[[0;32m  OK  [0m] Started Commit a transient machine-id on disk.
[[0;32m  OK  [0m] Started Tell Plymouth To Write Out Runtime Data.
[[0;32m  OK  [0m] Started Update UTMP about System Boot/Shutdown.
[[0;32m  OK  [0m] Started Set console font and keymap.
[[0;32m  OK  [0m] Created slice system-getty.slice.
[[0;32m  OK  [0m] Started udev Kernel Device Manager.
[[0;32m  OK  [0m] Started Dispatch Password Requests to Console Directory Watch.
[[0;32m  OK  [0m] Found device /dev/ttyS0.
[[0;32m  OK  [0m] Listening on Load/Save RF Kill Switch Status /dev/rfkill Watch.
[[0;32m  OK  [0m] Started LSB: AppArmor initialization.
         Starting Load AppArmor profiles managed internally by snapd...
[[0;32m  OK  [0m] Started Load AppArmor profiles managed internally by snapd.
[   10.357206] cloud-init[479]: Cloud-init v. 20.2-45-g5f7825e2-0ubuntu1~16.04.1 running 'init-local' at Tue, 04 Aug 2020 17:43:15 +0000. Up 9.99 seconds.
[[0;32m  OK  [0m] Started Initial cloud-init job (pre-networking).
[[0;32m  OK  [0m] Reached target Network (Pre).
         Starting Raise network interfaces...
[[0;32m  OK  [0m] Started Raise network interfaces.
[[0;32m  OK  [0m] Reached target Network.
         Starting Initial cloud-init job (metadata service crawler)...
[   12.267404] cloud-init[959]: Cloud-init v. 20.2-45-g5f7825e2-0ubuntu1~16.04.1 running 'init' at Tue, 04 Aug 2020 17:43:16 +0000. Up 10.84 seconds.
[   12.268708] cloud-init[959]: ci-info: ++++++++++++++++++++++++++++++++++++++Net device info+++++++++++++++++++++++++++++++++++++++
[   12.269961] cloud-init[959]: ci-info: +--------+-------+----------------------------+---------------+--------+-------------------+
[   12.271211] cloud-init[959]: ci-info: | Device |   Up  |          Address           |      Mask     | Scope  |     Hw-Address    |
[   12.272394] cloud-init[959]: ci-info: +--------+-------+----------------------------+---------------+--------+-------------------+
[   12.273476] cloud-init[959]: ci-info: | enp0s3 |  True |         10.0.2.15          | 255.255.255.0 | global | 02:e5:f9:b1:f5:c2 |
[   12.274661] cloud-init[959]: ci-info: | enp0s3 |  True | fe80::e5:f9ff:feb1:f5c2/64 |       .       |  link  | 02:e5:f9:b1:f5:c2 |
[   12.275768] cloud-init[959]: ci-info: | enp0s8 | False |             .              |       .       |   .    | 08:00:27:f5:c0:e1 |
[   12.276786] cloud-init[959]: ci-info: |   lo   |  True |         127.0.0.1          |   255.0.0.0   |  host  |         .         |
[   12.277816] cloud-init[959]: ci-info: |   lo   |  True |          ::1/128           |       .       |  host  |         .         |
[   12.278879] cloud-init[959]: ci-info: +--------+-------+----------------------------+---------------+--------+-------------------+
[   12.279866] cloud-init[959]: ci-info: +++++++++++++++++++++++++++Route IPv4 info++++++++++++++++++++++++++++
[   12.284828] cloud-init[959]: ci-info: +-------+-------------+----------+---------------+-----------+-------+
[   12.292749] cloud-init[959]: ci-info: | Route | Destination | Gateway  |    Genmask    | Interface | Flags |
[   12.300534] cloud-init[959]: ci-info: +-------+-------------+----------+---------------+-----------+-------+
[   12.301559] cloud-init[959]: ci-info: |   0   |   0.0.0.0   | 10.0.2.2 |    0.0.0.0    |   enp0s3  |   UG  |
[   12.309280] cloud-init[959]: ci-info: |   1   |   10.0.2.0  | 0.0.0.0  | 255.255.255.0 |   enp0s3  |   U   |
[   12.316434] [[0;32m  OK  [0m] Started Initial cloud-init job (metadata service crawler).
[[0;32m  OK  [0m] Reached target Network is Online.
cloud-init[959]: ci-info: +-------+-------------+----------+---------------+-----------+-------+
[   12.318543] cloud-init[959]: ci-info: +++++++++++++++++++Route IPv6 info+++++++++++++++++++
[   12.319504] cloud-init[959]: ci-info: +-------+-------------+---------+-----------+-------+
[   12.320351] cloud-init[959]: ci-info: | Route | Destination | Gateway | Interface | Flags |
[   12.321274] cloud-init[959]: ci-info: +-------+-------------+---------+-----------+-------+
[   12.322171] cloud-init[959]: ci-info: |   0   |  fe80::/64  |    ::   |   enp0s3  |   U   |
[   12.323083] cloud-init[959]: ci-info: |   3   |   ff00::/8  |    ::   |   enp0s3  |   U   |
[   12.323980] cloud-init[959]: ci-info: +-------+-------------+---------+-----------+-------+
[   12.324996] cloud-init[959]: Generating public/private rsa key pair.
[   12.325741] cloud-init[959]: Your identification has been saved in /etc/ssh/ssh_host_rsa_key.
[   12.326731] cloud-init[959]: Your public key has been saved in /etc/ssh/ssh_host_rsa_key.pub.
[   12.327648] cloud-init[959]: The key fingerprint is:
[   12.328275] cloud-init[959]: SHA256:d5PQ44udZjnKW2BI3EBhig7HeRQXBiN6VqJbmft28pw root@ubuntu-xenial
[   12.329356] cloud-init[959]: The key's randomart image is:
[   12.330061] cloud-init[959]: +---[RSA 2048]----+
[   12.330749] cloud-init[959]: |    o *+Oo       |
[   12.331425] cloud-init[959]: |   + X B o .     |
[   12.332010] cloud-init[959]: |  + @ o o o o    |         Starting iSCSI initiator daemon (iscsid)...
[[0;32m  OK  [0m] Reached target System Initialization.
[[0;32m  OK  [0m] Started Daily Cleanup of Temporary Directories.
[[0;32m  OK  [0m] Listening on UUID daemon activation socket.
[[0;32m  OK  [0m] Listening on ACPID Listen Socket.
[[0;32m  OK  [0m] Started Message of the Day.

[   12.334992] cloud-init[959]: |   O o . . o o   |
[   12.335707] cloud-init[959]: |  . o   S + =    |
[   12.336370] cloud-init[959]: |     .   o = =   |
[   12.337046] cloud-init[959]: |      + . . X    |
[   12.337801] cloud-init[959]: |     . = o = .   |
[   12.338467] cloud-init[959]: |        E +.     |
[   12.339111] cloud-init[959]: +----[SHA256]-----+
[   12.339731] cloud-init[959]: Generating public/private dsa key pair.
[   12.340494] cloud-init[959]: Your identification has been saved in /etc/ssh/ssh_host_dsa_key.
[   12.341634] cloud-init[959]: Your public key has been saved in /etc/ssh/ssh_host_dsa_key.pub.
[   12.342566] cloud-init[959]: The key fingerprint is:
[   12.343262] cloud-init[959]: SHA256:fZMyNh9aNqbe4YH1nV4GtxWGiuWmPRtQGDPS01oQtq4 root@ubuntu-xenial
[   12.344265] cloud-init[959]: The key's randomart image is:
[   12.344967] cloud-init[959]: +---[DSA 1024]----+
[   12.345643] cloud-init[959]: |       ..B+      |
[   12.346319] cloud-init[959]: |        oo*o  .  |
[   12.347003] cloud-init[959]: |         o+o . o |
[   12.347685] cloud-init[959]: |        .o= ... .|
[   12.348315] cloud-init[959]: |        S+*+@ . o|
[   12.348991] cloud-init[959]: [|        ..=# = ++|[0;32m  OK  [0m
] Started ACPI Events Check.
[   12.349946] [[0;32m  OK  [0m] Reached target Paths.
cloud-init[959]: |       E .+++ .o+|
         Starting LXD - unix socket.
[[0;32m  OK  [0m] Listening on D-Bus System Message Bus Socket.
[   12.352164] cloud-init[959]: |         . o+o...|
[   12.352257] cloud-init[959]: |          ..o  . |
[   12.352747] cloud-init[959]: +----[SHA256]-----+
[   12.352984] cloud-init[959]: Generating public/private ecdsa key pair.
[   12.353430] cloud-init[959]: Your identification has been saved in /etc/ssh/ssh_host_ecdsa_key.
[   12.353915] cloud-init[959]: Your public key has been saved in /etc/ssh/ssh_host_ecdsa_key.pub.
[   12.354252] cloud-init[959]: The key fingerprint is:
[   12.355362] cloud-init[959]: SHA256:HZbfTP62KP4ppj2sPbvNXeJemnFxjq2tf+YD+tWVqwo root@ubuntu-xenial
[   12.355533] cloud-init[959]: The key's randomart image is:
[   12.356312] cloud-init[959]: +---[ECDSA 256]---+
[   12.356626] cloud-init[959]: |                 |
[   12.356843] cloud-init[959]: |           .     |
         [   12.357476] cloud-init[959]: |          +   .  |
[   12.357704] cloud-init[959]: |         o o =  .|
[   12.358164] cloud-init[959]: |        S . . +oo|
[   12.358572] cloud-init[959]: |             . =*|
[   12.358699] cloud-init[959]: |         E. . =oX|
Starting Socket activation for snappy daemon.[   12.359436] cloud-init[959]: |          +Oo.*%=|
[   12.359652] cloud-init[959]: |         o=B@XBB*|

[   12.359695] cloud-init[959]: +----[SHA256]-----+
[   12.360380] cloud-init[959]: Generating public/private ed25519 key pair.
[   12.360580] cloud-init[959]: Your identification has been saved in /etc/ssh/ssh_host_ed25519_key.
[   12.361237] cloud-init[959]: Your public key has been saved in /etc/ssh/ssh_host_ed25519_key.pub.
[   12.362009] cloud-init[959]: The key fingerprint is:
[   12.362601] cloud-init[959]: SHA256:Hd7W2kPmaF4WsLVQ+/ppDsAZ3U7ef8b5fjSE1mG3mKo root@ubuntu-xenial
[   12.362876] cloud-init[959]: The key's randomart image is:
[   12.363675] cloud-init[959]: +--[ED25519 256]--+
[   12.363963] cloud-init[959]: |              .  |
[   12.364178] cloud-init[959]: |            ...+.|
[   12.364808] cloud-init[959]: |          ..o.Oo+|
[   12.364850] cloud-init[959]: |         o.oo@+*.|
[   12.365278] cloud-init[959]: |        S o+* Boo|
[   12.365446] cloud-init[959]: |           o.B =+|
[   12.365859] cloud-init[959]: |          . +.Bo*|
[   12.366161] cloud-init[959]: |         E o o.==|
[   12.366256] cloud-init[959]: |            . o+=|
[   12.366747] cloud-init[959]: +----[SHA256]-----+
[[0;32m  OK  [0m] Started Daily apt download activities.
[[0;32m  OK  [0m] Started Daily apt upgrade and clean activities.
[[0;32m  OK  [0m] Reached target Timers.
[[0;32m  OK  [0m] Reached target Cloud-config availability.
[[0;32m  OK  [0m] Listening on LXD - unix socket.
[[0;32m  OK  [0m] Listening on Socket activation for snappy daemon.
[[0;32m  OK  [0m] Reached target Sockets.
[[0;32m  OK  [0m] Reached target Basic System.
         Starting Pollinate to seed the pseudo random number generator...
         Starting Login Service...
         Starting Accounts Service...
         Starting Virtualbox guest utils...
         Starting LXD - container startup/shutdown...
         Starting LSB: Record successful boot for GRUB...
[[0;32m  OK  [0m] Started Regular background program processing daemon.
         Starting Snap Daemon...
         Starting LSB: MD monitoring daemon...
[[0;32m  OK  [0m] Started D-Bus System Message Bus.
         Starting /etc/rc.local Compatibility...
[[0;32m  OK  [0m] Started Deferred execution scheduler.
         Starting System Logging Service...
[[0;32m  OK  [0m] Started FUSE filesystem for LXC.
[[0;32m  OK  [0m] Started ACPI event daemon.
[[0;32m  OK  [0m] Started /etc/rc.local Compatibility.
[[0;32m  OK  [0m] Started Login Service.
[[0;32m  OK  [0m] Started Unattended Upgrades Shutdown.
[[0;32m  OK  [0m] Started iSCSI initiator daemon (iscsid).
         Starting Login to default iSCSI targets...
[[0;32m  OK  [0m] Started LSB: Record successful boot for GRUB.
[[0;32m  OK  [0m] Started LSB: MD monitoring daemon.
[[0;32m  OK  [0m] Started System Logging Service.
         Starting Authenticate and Authorize Users to Run Privileged Tasks...
[[0;32m  OK  [0m] Started Login to default iSCSI targets.
[[0;32m  OK  [0m] Reached target Remote File Systems (Pre).
[[0;32m  OK  [0m] Reached target Remote File Systems.
         Starting LSB: daemon to balance interrupts for SMP systems...
         Starting LSB: Set the CPU Frequency Scaling governor to "ondemand"...
         Starting LSB: automatic crash report generation...
         Starting Permit User Sessions...
[[0;32m  OK  [0m] Started LSB: Set the CPU Frequency Scaling governor to "ondemand".
[[0;32m  OK  [0m] Started Permit User Sessions.
         Starting Hold until boot process finishes up...
         Starting Terminate Plymouth Boot Screen...
[[0;32m  OK  [0m] Started Hold until boot process finishes up.
[[0;32m  OK  [0m] Started Getty on tty1.
[[0;32m  OK  [0m] Started Serial Getty on ttyS0.
[[0;32m  OK  [0m] Reached target Login Prompts.
         Starting Set console scheme...
[[0;32m  OK  [0m] Started Virtualbox guest utils.
[[0;32m  OK  [0m] Started Terminate Plymouth Boot Screen.
[[0;32m  OK  [0m] Started Set console scheme.
[[0;32m  OK  [0m] Started LSB: daemon to balance interrupts for SMP systems.
[[0;32m  OK  [0m] Started LSB: automatic crash report generation.
[[0;32m  OK  [0m] Started Authenticate and Authorize Users to Run Privileged Tasks.
[[0;32m  OK  [0m] Started Accounts Service.
[[0;32m  OK  [0m] Started Pollinate to seed the pseudo random number generator.
         Starting OpenBSD Secure Shell server...
[[0;32m  OK  [0m] Started OpenBSD Secure Shell server.
[[0;32m  OK  [0m] Started LXD - container startup/shutdown.
[[0;32m  OK  [0m] Created slice User Slice of vagrant.
[[0;32m  OK  [0m] Started Snap Daemon.
[[0;32m  OK  [0m] Started Session 1 of user vagrant.
         Starting Wait until snapd is fully seeded...
         Starting User Manager for UID 1000...
[[0;32m  OK  [0m] Started User Manager for UID 1000.
[[0;32m  OK  [0m] Started Wait until snapd is fully seeded.
         Starting Apply the settings specified in cloud-config...
[[0;32m  OK  [0m] Reached target Multi-User System.
[[0;32m  OK  [0m] Reached target Graphical Interface.
         Starting Update UTMP about System Runlevel Changes...
[[0;32m  OK  [0m] Started Update UTMP about System Runlevel Changes.
[   19.820477] cloud-init[1497]: Generating locales (this might take a while)...

Ubuntu 16.04.6 LTS ubuntu-xenial ttyS0

ubuntu-xenial login: [   21.839524] cloud-init[1497]:   en_US.UTF-8... done
[   21.840824] cloud-init[1497]: Generation complete.
[   22.769868] cloud-init[1497]: Cloud-init v. 20.2-45-g5f7825e2-0ubuntu1~16.04.1 running 'modules:config' at Tue, 04 Aug 2020 17:43:25 +0000. Up 19.63 seconds.
ci-info: no authorized SSH keys fingerprints found for user ubuntu.
<14>Aug  4 17:43:28 ec2: 
<14>Aug  4 17:43:28 ec2: #############################################################
<14>Aug  4 17:43:28 ec2: -----BEGIN SSH HOST KEY FINGERPRINTS-----
<14>Aug  4 17:43:28 ec2: 1024 SHA256:fZMyNh9aNqbe4YH1nV4GtxWGiuWmPRtQGDPS01oQtq4 root@ubuntu-xenial (DSA)
<14>Aug  4 17:43:28 ec2: 256 SHA256:HZbfTP62KP4ppj2sPbvNXeJemnFxjq2tf+YD+tWVqwo root@ubuntu-xenial (ECDSA)
<14>Aug  4 17:43:28 ec2: 256 SHA256:Hd7W2kPmaF4WsLVQ+/ppDsAZ3U7ef8b5fjSE1mG3mKo root@ubuntu-xenial (ED25519)
<14>Aug  4 17:43:28 ec2: 2048 SHA256:d5PQ44udZjnKW2BI3EBhig7HeRQXBiN6VqJbmft28pw root@ubuntu-xenial (RSA)
<14>Aug  4 17:43:28 ec2: -----END SSH HOST KEY FINGERPRINTS-----
<14>Aug  4 17:43:28 ec2: #############################################################
-----BEGIN SSH HOST KEY KEYS-----
ecdsa-sha2-nistp256 AAAAE2VjZHNhLXNoYTItbmlzdHAyNTYAAAAIbmlzdHAyNTYAAABBBJa6IBQ215UfwyJtVGVWJCFfnc1CbNVb/TWINzzri+ZRcOSumk80OTmgpGl835Ax18D+n6tmlO2iXk9H+ARFdL8= root@ubuntu-xenial
ssh-ed25519 AAAAC3NzaC1lZDI1NTE5AAAAIK4cX63SRJQX4+uacucGF+K0C7mkdEyP0n4WUEeLBHKh root@ubuntu-xenial
ssh-rsa AAAAB3NzaC1yc2EAAAADAQABAAABAQDyf+LcjAeYXQUjyoL4EvYzBGcP97QvmhUSf2sAbkA2e81NLh6HpDb6OwlFs+QRXbelwieCMwDnXQ1EgjqiqDihbfRm+91LoFPm6/nRYm7g0KEBvQ8s7guuvkCiMhNX/gWcJ9RFFAYHDzvjodRvAlO/lca1Zy6vLBjwAdbhXvZA3SATm+cs485us2oASEoYjiFTCh5VaxLx0DXDF/vCCI4H0DcK60htJ0rpLGURmkGYdcln1agByyChw15MTRkZiDRHNbehJCy+eQoJE2TWPkRWNG0+fhXY3koRtJjBSoFsvGCcq6oNfDic1HqlhGyrBHAFKfpLpQ44b2eZYVAUVOLB root@ubuntu-xenial
-----END SSH HOST KEY KEYS-----
[   23.136606] cloud-init[1768]: Cloud-init v. 20.2-45-g5f7825e2-0ubuntu1~16.04.1 running 'modules:final' at Tue, 04 Aug 2020 17:43:28 +0000. Up 23.01 seconds.
[   23.136751] cloud-init[1768]: ci-info: no authorized SSH keys fingerprints found for user ubuntu.
[   23.137943] cloud-init[1768]: Cloud-init v. 20.2-45-g5f7825e2-0ubuntu1~16.04.1 finished at Tue, 04 Aug 2020 17:43:28 +0000. Datasource DataSourceNoCloud [seed=/dev/sdb][dsmode=net].  Up 23.12 seconds
